[20-Sep-2022 12:26:44 UTC] PHP Fatal error:  Uncaught Error: Call to undefined function get_the_user() in /Users/lxjjak5788/Local Sites/lwtguideline/app/public/wp-content/themes/lwtguideline/parts-article.php:18
Stack trace:
#0 /Users/lxjjak5788/Local Sites/lwtguideline/app/public/wp-includes/template.php(772): require()
#1 /Users/lxjjak5788/Local Sites/lwtguideline/app/public/wp-includes/template.php(716): load_template('/Users/lxjjak57...', false, Array)
#2 /Users/lxjjak5788/Local Sites/lwtguideline/app/public/wp-includes/general-template.php(204): locate_template(Array, true, false, Array)
#3 /Users/lxjjak5788/Local Sites/lwtguideline/app/public/wp-content/themes/lwtguideline/home.php(9): get_template_part('parts-article')
#4 /Users/lxjjak5788/Local Sites/lwtguideline/app/public/wp-includes/template-loader.php(106): include('/Users/lxjjak57...')
#5 /Users/lxjjak5788/Local Sites/lwtguideline/app/public/wp-blog-header.php(19): require_once('/Users/lxjjak57...')
#6 /Users/lxjjak5788/Local Sites/lwtguideline/app/public/index.php(17): require('/Users/lxjj in /Users/lxjjak5788/Local Sites/lwtguideline/app/public/wp-content/themes/lwtguideline/parts-article.php on line 18
[20-Sep-2022 12:31:17 UTC] PHP Parse error:  syntax error, unexpected '?' in /Users/lxjjak5788/Local Sites/lwtguideline/app/public/wp-content/themes/lwtguideline/parts-article.php on line 19
[28-Sep-2022 07:24:33 UTC] PHP Warning:  予期しないエラーが発生しました。WordPress.org かこのサーバーの設定に何か問題があるかもしれません。問題が続くようであれば、<a href="https://ja.wordpress.org/support/forums/">サポートフォーラム</a>を参照してみてください。 (WordPress は WordPress.org との安全な接続を確立できませんでした。サーバー管理者にご連絡ください) in /Users/lxjjak5788/Local Sites/lwtguideline/app/public/wp-includes/update.php on line 172
[28-Sep-2022 07:24:33 UTC] PHP Stack trace:
[28-Sep-2022 07:24:33 UTC] PHP   1. {main}() /Users/lxjjak5788/Local Sites/lwtguideline/app/public/wp-cron.php:0
[28-Sep-2022 07:24:33 UTC] PHP   2. do_action_ref_array() /Users/lxjjak5788/Local Sites/lwtguideline/app/public/wp-cron.php:138
[28-Sep-2022 07:24:33 UTC] PHP   3. WP_Hook->do_action() /Users/lxjjak5788/Local Sites/lwtguideline/app/public/wp-includes/plugin.php:524
[28-Sep-2022 07:24:33 UTC] PHP   4. WP_Hook->apply_filters() /Users/lxjjak5788/Local Sites/lwtguideline/app/public/wp-includes/class-wp-hook.php:331
[28-Sep-2022 07:24:33 UTC] PHP   5. wp_version_check() /Users/lxjjak5788/Local Sites/lwtguideline/app/public/wp-includes/class-wp-hook.php:307
[28-Sep-2022 07:24:33 UTC] PHP   6. trigger_error() /Users/lxjjak5788/Local Sites/lwtguideline/app/public/wp-includes/update.php:172
[28-Sep-2022 07:24:53 UTC] PHP Warning:  予期しないエラーが発生しました。WordPress.org かこのサーバーの設定に何か問題があるかもしれません。問題が続くようであれば、<a href="https://ja.wordpress.org/support/forums/">サポートフォーラム</a>を参照してみてください。 (WordPress は WordPress.org との安全な接続を確立できませんでした。サーバー管理者にご連絡ください) in /Users/lxjjak5788/Local Sites/lwtguideline/app/public/wp-includes/update.php on line 410
[28-Sep-2022 07:24:53 UTC] PHP Stack trace:
[28-Sep-2022 07:24:53 UTC] PHP   1. {main}() /Users/lxjjak5788/Local Sites/lwtguideline/app/public/wp-cron.php:0
[28-Sep-2022 07:24:53 UTC] PHP   2. do_action_ref_array() /Users/lxjjak5788/Local Sites/lwtguideline/app/public/wp-cron.php:138
[28-Sep-2022 07:24:53 UTC] PHP   3. WP_Hook->do_action() /Users/lxjjak5788/Local Sites/lwtguideline/app/public/wp-includes/plugin.php:524
[28-Sep-2022 07:24:53 UTC] PHP   4. WP_Hook->apply_filters() /Users/lxjjak5788/Local Sites/lwtguideline/app/public/wp-includes/class-wp-hook.php:331
[28-Sep-2022 07:24:53 UTC] PHP   5. wp_update_plugins() /Users/lxjjak5788/Local Sites/lwtguideline/app/public/wp-includes/class-wp-hook.php:307
[28-Sep-2022 07:24:53 UTC] PHP   6. trigger_error() /Users/lxjjak5788/Local Sites/lwtguideline/app/public/wp-includes/update.php:410
[28-Sep-2022 07:25:13 UTC] PHP Warning:  予期しないエラーが発生しました。WordPress.org かこのサーバーの設定に何か問題があるかもしれません。問題が続くようであれば、<a href="https://ja.wordpress.org/support/forums/">サポートフォーラム</a>を参照してみてください。 (WordPress は WordPress.org との安全な接続を確立できませんでした。サーバー管理者にご連絡ください) in /Users/lxjjak5788/Local Sites/lwtguideline/app/public/wp-includes/update.php on line 690
[28-Sep-2022 07:25:13 UTC] PHP Stack trace:
[28-Sep-2022 07:25:13 UTC] PHP   1. {main}() /Users/lxjjak5788/Local Sites/lwtguideline/app/public/wp-cron.php:0
[28-Sep-2022 07:25:13 UTC] PHP   2. do_action_ref_array() /Users/lxjjak5788/Local Sites/lwtguideline/app/public/wp-cron.php:138
[28-Sep-2022 07:25:13 UTC] PHP   3. WP_Hook->do_action() /Users/lxjjak5788/Local Sites/lwtguideline/app/public/wp-includes/plugin.php:524
[28-Sep-2022 07:25:13 UTC] PHP   4. WP_Hook->apply_filters() /Users/lxjjak5788/Local Sites/lwtguideline/app/public/wp-includes/class-wp-hook.php:331
[28-Sep-2022 07:25:13 UTC] PHP   5. wp_update_themes() /Users/lxjjak5788/Local Sites/lwtguideline/app/public/wp-includes/class-wp-hook.php:307
[28-Sep-2022 07:25:13 UTC] PHP   6. trigger_error() /Users/lxjjak5788/Local Sites/lwtguideline/app/public/wp-includes/update.php:690
[29-Sep-2022 08:23:05 UTC] PHP Warning:  予期しないエラーが発生しました。WordPress.org かこのサーバーの設定に何か問題があるかもしれません。問題が続くようであれば、<a href="https://ja.wordpress.org/support/forums/">サポートフォーラム</a>を参照してみてください。 (WordPress は WordPress.org との安全な接続を確立できませんでした。サーバー管理者にご連絡ください) in /Users/lxjjak5788/Local Sites/lwtguideline/app/public/wp-admin/includes/update.php on line 143
[29-Sep-2022 08:23:05 UTC] PHP Stack trace:
[29-Sep-2022 08:23:05 UTC] PHP   1. {main}() /Users/lxjjak5788/Local Sites/lwtguideline/app/public/wp-cron.php:0
[29-Sep-2022 08:23:05 UTC] PHP   2. do_action_ref_array() /Users/lxjjak5788/Local Sites/lwtguideline/app/public/wp-cron.php:138
[29-Sep-2022 08:23:05 UTC] PHP   3. WP_Hook->do_action() /Users/lxjjak5788/Local Sites/lwtguideline/app/public/wp-includes/plugin.php:524
[29-Sep-2022 08:23:05 UTC] PHP   4. WP_Hook->apply_filters() /Users/lxjjak5788/Local Sites/lwtguideline/app/public/wp-includes/class-wp-hook.php:331
[29-Sep-2022 08:23:05 UTC] PHP   5. WP_Site_Health->wp_cron_scheduled_check() /Users/lxjjak5788/Local Sites/lwtguideline/app/public/wp-includes/class-wp-hook.php:307
[29-Sep-2022 08:23:05 UTC] PHP   6. WP_Site_Health->perform_test() /Users/lxjjak5788/Local Sites/lwtguideline/app/public/wp-admin/includes/class-wp-site-health.php:2787
[29-Sep-2022 08:23:05 UTC] PHP   7. WP_Site_Health->get_test_background_updates() /Users/lxjjak5788/Local Sites/lwtguideline/app/public/wp-admin/includes/class-wp-site-health.php:192
[29-Sep-2022 08:23:05 UTC] PHP   8. WP_Site_Health_Auto_Updates->run_tests() /Users/lxjjak5788/Local Sites/lwtguideline/app/public/wp-admin/includes/class-wp-site-health.php:1812
[29-Sep-2022 08:23:05 UTC] PHP   9. WP_Site_Health_Auto_Updates->test_all_files_writable() /Users/lxjjak5788/Local Sites/lwtguideline/app/public/wp-admin/includes/class-wp-site-health-auto-updates.php:37
[29-Sep-2022 08:23:05 UTC] PHP  10. get_core_checksums() /Users/lxjjak5788/Local Sites/lwtguideline/app/public/wp-admin/includes/class-wp-site-health-auto-updates.php:332
[29-Sep-2022 08:23:05 UTC] PHP  11. trigger_error() /Users/lxjjak5788/Local Sites/lwtguideline/app/public/wp-admin/includes/update.php:143
[29-Sep-2022 08:23:25 UTC] PHP Warning:  予期しないエラーが発生しました。WordPress.org かこのサーバーの設定に何か問題があるかもしれません。問題が続くようであれば、<a href="https://ja.wordpress.org/support/forums/">サポートフォーラム</a>を参照してみてください。 (WordPress は WordPress.org との安全な接続を確立できませんでした。サーバー管理者にご連絡ください) in /Users/lxjjak5788/Local Sites/lwtguideline/app/public/wp-includes/update.php on line 172
[29-Sep-2022 08:23:25 UTC] PHP Stack trace:
[29-Sep-2022 08:23:25 UTC] PHP   1. {main}() /Users/lxjjak5788/Local Sites/lwtguideline/app/public/wp-cron.php:0
[29-Sep-2022 08:23:25 UTC] PHP   2. do_action_ref_array() /Users/lxjjak5788/Local Sites/lwtguideline/app/public/wp-cron.php:138
[29-Sep-2022 08:23:25 UTC] PHP   3. WP_Hook->do_action() /Users/lxjjak5788/Local Sites/lwtguideline/app/public/wp-includes/plugin.php:524
[29-Sep-2022 08:23:25 UTC] PHP   4. WP_Hook->apply_filters() /Users/lxjjak5788/Local Sites/lwtguideline/app/public/wp-includes/class-wp-hook.php:331
[29-Sep-2022 08:23:25 UTC] PHP   5. wp_version_check() /Users/lxjjak5788/Local Sites/lwtguideline/app/public/wp-includes/class-wp-hook.php:307
[29-Sep-2022 08:23:25 UTC] PHP   6. trigger_error() /Users/lxjjak5788/Local Sites/lwtguideline/app/public/wp-includes/update.php:172
[29-Sep-2022 08:23:45 UTC] PHP Warning:  予期しないエラーが発生しました。WordPress.org かこのサーバーの設定に何か問題があるかもしれません。問題が続くようであれば、<a href="https://ja.wordpress.org/support/forums/">サポートフォーラム</a>を参照してみてください。 (WordPress は WordPress.org との安全な接続を確立できませんでした。サーバー管理者にご連絡ください) in /Users/lxjjak5788/Local Sites/lwtguideline/app/public/wp-includes/update.php on line 410
[29-Sep-2022 08:23:45 UTC] PHP Stack trace:
[29-Sep-2022 08:23:45 UTC] PHP   1. {main}() /Users/lxjjak5788/Local Sites/lwtguideline/app/public/wp-cron.php:0
[29-Sep-2022 08:23:45 UTC] PHP   2. do_action_ref_array() /Users/lxjjak5788/Local Sites/lwtguideline/app/public/wp-cron.php:138
[29-Sep-2022 08:23:45 UTC] PHP   3. WP_Hook->do_action() /Users/lxjjak5788/Local Sites/lwtguideline/app/public/wp-includes/plugin.php:524
[29-Sep-2022 08:23:45 UTC] PHP   4. WP_Hook->apply_filters() /Users/lxjjak5788/Local Sites/lwtguideline/app/public/wp-includes/class-wp-hook.php:331
[29-Sep-2022 08:23:45 UTC] PHP   5. wp_update_plugins() /Users/lxjjak5788/Local Sites/lwtguideline/app/public/wp-includes/class-wp-hook.php:307
[29-Sep-2022 08:23:45 UTC] PHP   6. trigger_error() /Users/lxjjak5788/Local Sites/lwtguideline/app/public/wp-includes/update.php:410
[29-Sep-2022 08:24:01 UTC] PHP Warning:  予期しないエラーが発生しました。WordPress.org かこのサーバーの設定に何か問題があるかもしれません。問題が続くようであれば、<a href="https://ja.wordpress.org/support/forums/">サポートフォーラム</a>を参照してみてください。 (WordPress は WordPress.org との安全な接続を確立できませんでした。サーバー管理者にご連絡ください) in /Users/lxjjak5788/Local Sites/lwtguideline/app/public/wp-includes/update.php on line 690
[29-Sep-2022 08:24:01 UTC] PHP Stack trace:
[29-Sep-2022 08:24:01 UTC] PHP   1. {main}() /Users/lxjjak5788/Local Sites/lwtguideline/app/public/wp-cron.php:0
[29-Sep-2022 08:24:01 UTC] PHP   2. do_action_ref_array() /Users/lxjjak5788/Local Sites/lwtguideline/app/public/wp-cron.php:138
[29-Sep-2022 08:24:01 UTC] PHP   3. WP_Hook->do_action() /Users/lxjjak5788/Local Sites/lwtguideline/app/public/wp-includes/plugin.php:524
[29-Sep-2022 08:24:01 UTC] PHP   4. WP_Hook->apply_filters() /Users/lxjjak5788/Local Sites/lwtguideline/app/public/wp-includes/class-wp-hook.php:331
[29-Sep-2022 08:24:01 UTC] PHP   5. wp_update_themes() /Users/lxjjak5788/Local Sites/lwtguideline/app/public/wp-includes/class-wp-hook.php:307
[29-Sep-2022 08:24:01 UTC] PHP   6. trigger_error() /Users/lxjjak5788/Local Sites/lwtguideline/app/public/wp-includes/update.php:690
[29-Sep-2022 08:33:07 UTC] PHP Parse error:  syntax error, unexpected ''posts_per_page'' (T_CONSTANT_ENCAPSED_STRING), expecting ')' in /Users/lxjjak5788/Local Sites/lwtguideline/app/public/wp-content/themes/lwtguideline/parts-exsample.php on line 6
[29-Sep-2022 08:33:08 UTC] PHP Parse error:  syntax error, unexpected ''posts_per_page'' (T_CONSTANT_ENCAPSED_STRING), expecting ')' in /Users/lxjjak5788/Local Sites/lwtguideline/app/public/wp-content/themes/lwtguideline/parts-exsample.php on line 6
[29-Sep-2022 08:33:57 UTC] PHP Parse error:  syntax error, unexpected ''posts_per_page'' (T_CONSTANT_ENCAPSED_STRING), expecting ')' in /Users/lxjjak5788/Local Sites/lwtguideline/app/public/wp-content/themes/lwtguideline/parts-article.php on line 6
[29-Sep-2022 08:53:20 UTC] PHP Parse error:  syntax error, unexpected ',' in /Users/lxjjak5788/Local Sites/lwtguideline/app/public/wp-content/themes/lwtguideline/parts-guideline.php on line 4
[29-Sep-2022 08:53:36 UTC] PHP Parse error:  syntax error, unexpected ',' in /Users/lxjjak5788/Local Sites/lwtguideline/app/public/wp-content/themes/lwtguideline/parts-guideline.php on line 4
[29-Sep-2022 08:53:38 UTC] PHP Parse error:  syntax error, unexpected ',' in /Users/lxjjak5788/Local Sites/lwtguideline/app/public/wp-content/themes/lwtguideline/parts-guideline.php on line 4
[29-Sep-2022 08:53:46 UTC] PHP Parse error:  syntax error, unexpected ',' in /Users/lxjjak5788/Local Sites/lwtguideline/app/public/wp-content/themes/lwtguideline/parts-guideline.php on line 4
[29-Sep-2022 08:53:48 UTC] PHP Parse error:  syntax error, unexpected ',' in /Users/lxjjak5788/Local Sites/lwtguideline/app/public/wp-content/themes/lwtguideline/parts-guideline.php on line 4
[30-Sep-2022 03:36:09 UTC] PHP Warning:  予期しないエラーが発生しました。WordPress.org かこのサーバーの設定に何か問題があるかもしれません。問題が続くようであれば、<a href="https://ja.wordpress.org/support/forums/">サポートフォーラム</a>を参照してみてください。 (WordPress は WordPress.org との安全な接続を確立できませんでした。サーバー管理者にご連絡ください) in /Users/lxjjak5788/Local Sites/lwtguideline/app/public/wp-includes/update.php on line 172
[30-Sep-2022 03:36:09 UTC] PHP Stack trace:
[30-Sep-2022 03:36:09 UTC] PHP   1. {main}() /Users/lxjjak5788/Local Sites/lwtguideline/app/public/wp-cron.php:0
[30-Sep-2022 03:36:09 UTC] PHP   2. do_action_ref_array() /Users/lxjjak5788/Local Sites/lwtguideline/app/public/wp-cron.php:138
[30-Sep-2022 03:36:09 UTC] PHP   3. WP_Hook->do_action() /Users/lxjjak5788/Local Sites/lwtguideline/app/public/wp-includes/plugin.php:524
[30-Sep-2022 03:36:09 UTC] PHP   4. WP_Hook->apply_filters() /Users/lxjjak5788/Local Sites/lwtguideline/app/public/wp-includes/class-wp-hook.php:331
[30-Sep-2022 03:36:09 UTC] PHP   5. wp_version_check() /Users/lxjjak5788/Local Sites/lwtguideline/app/public/wp-includes/class-wp-hook.php:307
[30-Sep-2022 03:36:09 UTC] PHP   6. trigger_error() /Users/lxjjak5788/Local Sites/lwtguideline/app/public/wp-includes/update.php:172
[30-Sep-2022 03:36:29 UTC] PHP Warning:  予期しないエラーが発生しました。WordPress.org かこのサーバーの設定に何か問題があるかもしれません。問題が続くようであれば、<a href="https://ja.wordpress.org/support/forums/">サポートフォーラム</a>を参照してみてください。 (WordPress は WordPress.org との安全な接続を確立できませんでした。サーバー管理者にご連絡ください) in /Users/lxjjak5788/Local Sites/lwtguideline/app/public/wp-includes/update.php on line 410
[30-Sep-2022 03:36:29 UTC] PHP Stack trace:
[30-Sep-2022 03:36:29 UTC] PHP   1. {main}() /Users/lxjjak5788/Local Sites/lwtguideline/app/public/wp-cron.php:0
[30-Sep-2022 03:36:29 UTC] PHP   2. do_action_ref_array() /Users/lxjjak5788/Local Sites/lwtguideline/app/public/wp-cron.php:138
[30-Sep-2022 03:36:29 UTC] PHP   3. WP_Hook->do_action() /Users/lxjjak5788/Local Sites/lwtguideline/app/public/wp-includes/plugin.php:524
[30-Sep-2022 03:36:29 UTC] PHP   4. WP_Hook->apply_filters() /Users/lxjjak5788/Local Sites/lwtguideline/app/public/wp-includes/class-wp-hook.php:331
[30-Sep-2022 03:36:29 UTC] PHP   5. wp_update_plugins() /Users/lxjjak5788/Local Sites/lwtguideline/app/public/wp-includes/class-wp-hook.php:307
[30-Sep-2022 03:36:29 UTC] PHP   6. trigger_error() /Users/lxjjak5788/Local Sites/lwtguideline/app/public/wp-includes/update.php:410
[30-Sep-2022 03:36:49 UTC] PHP Warning:  予期しないエラーが発生しました。WordPress.org かこのサーバーの設定に何か問題があるかもしれません。問題が続くようであれば、<a href="https://ja.wordpress.org/support/forums/">サポートフォーラム</a>を参照してみてください。 (WordPress は WordPress.org との安全な接続を確立できませんでした。サーバー管理者にご連絡ください) in /Users/lxjjak5788/Local Sites/lwtguideline/app/public/wp-includes/update.php on line 690
[30-Sep-2022 03:36:49 UTC] PHP Stack trace:
[30-Sep-2022 03:36:49 UTC] PHP   1. {main}() /Users/lxjjak5788/Local Sites/lwtguideline/app/public/wp-cron.php:0
[30-Sep-2022 03:36:49 UTC] PHP   2. do_action_ref_array() /Users/lxjjak5788/Local Sites/lwtguideline/app/public/wp-cron.php:138
[30-Sep-2022 03:36:49 UTC] PHP   3. WP_Hook->do_action() /Users/lxjjak5788/Local Sites/lwtguideline/app/public/wp-includes/plugin.php:524
[30-Sep-2022 03:36:49 UTC] PHP   4. WP_Hook->apply_filters() /Users/lxjjak5788/Local Sites/lwtguideline/app/public/wp-includes/class-wp-hook.php:331
[30-Sep-2022 03:36:49 UTC] PHP   5. wp_update_themes() /Users/lxjjak5788/Local Sites/lwtguideline/app/public/wp-includes/class-wp-hook.php:307
[30-Sep-2022 03:36:49 UTC] PHP   6. trigger_error() /Users/lxjjak5788/Local Sites/lwtguideline/app/public/wp-includes/update.php:690
[01-Oct-2022 04:47:12 UTC] PHP Parse error:  syntax error, unexpected ';' in /Users/lxjjak5788/Local Sites/lwtguideline/app/public/wp-content/themes/lwtguideline/header.php on line 52
[01-Oct-2022 04:48:04 UTC] PHP Parse error:  syntax error, unexpected end of file in /Users/lxjjak5788/Local Sites/lwtguideline/app/public/wp-content/themes/lwtguideline/header.php on line 85
[01-Oct-2022 04:48:18 UTC] PHP Parse error:  syntax error, unexpected end of file in /Users/lxjjak5788/Local Sites/lwtguideline/app/public/wp-content/themes/lwtguideline/header.php on line 84
[01-Oct-2022 04:48:19 UTC] PHP Parse error:  syntax error, unexpected end of file in /Users/lxjjak5788/Local Sites/lwtguideline/app/public/wp-content/themes/lwtguideline/header.php on line 84
[01-Oct-2022 04:50:08 UTC] PHP Parse error:  syntax error, unexpected end of file in /Users/lxjjak5788/Local Sites/lwtguideline/app/public/wp-content/themes/lwtguideline/header.php on line 79
[01-Oct-2022 04:50:10 UTC] PHP Parse error:  syntax error, unexpected end of file in /Users/lxjjak5788/Local Sites/lwtguideline/app/public/wp-content/themes/lwtguideline/header.php on line 79
[01-Oct-2022 07:12:01 UTC] PHP Parse error:  syntax error, unexpected '{', expecting '(' in /Users/lxjjak5788/Local Sites/lwtguideline/app/public/wp-content/themes/lwtguideline/parts-guideline.php on line 10
[01-Oct-2022 07:12:10 UTC] PHP Parse error:  syntax error, unexpected '{', expecting '(' in /Users/lxjjak5788/Local Sites/lwtguideline/app/public/wp-content/themes/lwtguideline/parts-guideline.php on line 10
[01-Oct-2022 07:12:12 UTC] PHP Parse error:  syntax error, unexpected '{', expecting '(' in /Users/lxjjak5788/Local Sites/lwtguideline/app/public/wp-content/themes/lwtguideline/parts-guideline.php on line 10
[01-Oct-2022 07:12:17 UTC] PHP Parse error:  syntax error, unexpected '{', expecting '(' in /Users/lxjjak5788/Local Sites/lwtguideline/app/public/wp-content/themes/lwtguideline/parts-guideline.php on line 10
[01-Oct-2022 07:13:42 UTC] PHP Parse error:  syntax error, unexpected '}' in /Users/lxjjak5788/Local Sites/lwtguideline/app/public/wp-content/themes/lwtguideline/parts-guideline.php on line 8
[01-Oct-2022 07:14:34 UTC] PHP Parse error:  syntax error, unexpected '{', expecting '(' in /Users/lxjjak5788/Local Sites/lwtguideline/app/public/wp-content/themes/lwtguideline/parts-guideline.php on line 10
[01-Oct-2022 07:15:29 UTC] PHP Parse error:  syntax error, unexpected '{', expecting '(' in /Users/lxjjak5788/Local Sites/lwtguideline/app/public/wp-content/themes/lwtguideline/parts-guideline.php on line 10
[01-Oct-2022 07:17:30 UTC] PHP Parse error:  syntax error, unexpected ';' in /Users/lxjjak5788/Local Sites/lwtguideline/app/public/wp-content/themes/lwtguideline/parts-guideline.php on line 6
[01-Oct-2022 07:17:44 UTC] PHP Parse error:  syntax error, unexpected ';' in /Users/lxjjak5788/Local Sites/lwtguideline/app/public/wp-content/themes/lwtguideline/parts-guideline.php on line 6
[01-Oct-2022 07:48:08 UTC] PHP Warning:  Invalid argument supplied for foreach() in /Users/lxjjak5788/Local Sites/lwtguideline/app/public/wp-includes/script-loader.php on line 2781
[01-Oct-2022 07:48:08 UTC] PHP Stack trace:
[01-Oct-2022 07:48:08 UTC] PHP   1. {main}() /Users/lxjjak5788/Local Sites/lwtguideline/app/public/index.php:0
[01-Oct-2022 07:48:08 UTC] PHP   2. require() /Users/lxjjak5788/Local Sites/lwtguideline/app/public/index.php:17
[01-Oct-2022 07:48:08 UTC] PHP   3. require_once() /Users/lxjjak5788/Local Sites/lwtguideline/app/public/wp-blog-header.php:19
[01-Oct-2022 07:48:08 UTC] PHP   4. include() /Users/lxjjak5788/Local Sites/lwtguideline/app/public/wp-includes/template-loader.php:106
[01-Oct-2022 07:48:08 UTC] PHP   5. get_footer() /Users/lxjjak5788/Local Sites/lwtguideline/app/public/wp-content/themes/lwtguideline/home.php:87
[01-Oct-2022 07:48:08 UTC] PHP   6. locate_template() /Users/lxjjak5788/Local Sites/lwtguideline/app/public/wp-includes/general-template.php:92
[01-Oct-2022 07:48:08 UTC] PHP   7. load_template() /Users/lxjjak5788/Local Sites/lwtguideline/app/public/wp-includes/template.php:716
[01-Oct-2022 07:48:08 UTC] PHP   8. require_once() /Users/lxjjak5788/Local Sites/lwtguideline/app/public/wp-includes/template.php:770
[01-Oct-2022 07:48:08 UTC] PHP   9. wp_footer() /Users/lxjjak5788/Local Sites/lwtguideline/app/public/wp-content/themes/lwtguideline/footer.php:29
[01-Oct-2022 07:48:08 UTC] PHP  10. do_action() /Users/lxjjak5788/Local Sites/lwtguideline/app/public/wp-includes/general-template.php:3058
[01-Oct-2022 07:48:08 UTC] PHP  11. WP_Hook->do_action() /Users/lxjjak5788/Local Sites/lwtguideline/app/public/wp-includes/plugin.php:476
[01-Oct-2022 07:48:08 UTC] PHP  12. WP_Hook->apply_filters() /Users/lxjjak5788/Local Sites/lwtguideline/app/public/wp-includes/class-wp-hook.php:331
[01-Oct-2022 07:48:08 UTC] PHP  13. wp_maybe_inline_styles() /Users/lxjjak5788/Local Sites/lwtguideline/app/public/wp-includes/class-wp-hook.php:307
[01-Oct-2022 07:49:24 UTC] PHP Warning:  Invalid argument supplied for foreach() in /Users/lxjjak5788/Local Sites/lwtguideline/app/public/wp-includes/script-loader.php on line 2781
[01-Oct-2022 07:49:24 UTC] PHP Stack trace:
[01-Oct-2022 07:49:24 UTC] PHP   1. {main}() /Users/lxjjak5788/Local Sites/lwtguideline/app/public/index.php:0
[01-Oct-2022 07:49:24 UTC] PHP   2. require() /Users/lxjjak5788/Local Sites/lwtguideline/app/public/index.php:17
[01-Oct-2022 07:49:24 UTC] PHP   3. require_once() /Users/lxjjak5788/Local Sites/lwtguideline/app/public/wp-blog-header.php:19
[01-Oct-2022 07:49:24 UTC] PHP   4. include() /Users/lxjjak5788/Local Sites/lwtguideline/app/public/wp-includes/template-loader.php:106
[01-Oct-2022 07:49:24 UTC] PHP   5. get_footer() /Users/lxjjak5788/Local Sites/lwtguideline/app/public/wp-content/themes/lwtguideline/home.php:87
[01-Oct-2022 07:49:24 UTC] PHP   6. locate_template() /Users/lxjjak5788/Local Sites/lwtguideline/app/public/wp-includes/general-template.php:92
[01-Oct-2022 07:49:24 UTC] PHP   7. load_template() /Users/lxjjak5788/Local Sites/lwtguideline/app/public/wp-includes/template.php:716
[01-Oct-2022 07:49:24 UTC] PHP   8. require_once() /Users/lxjjak5788/Local Sites/lwtguideline/app/public/wp-includes/template.php:770
[01-Oct-2022 07:49:24 UTC] PHP   9. wp_footer() /Users/lxjjak5788/Local Sites/lwtguideline/app/public/wp-content/themes/lwtguideline/footer.php:29
[01-Oct-2022 07:49:24 UTC] PHP  10. do_action() /Users/lxjjak5788/Local Sites/lwtguideline/app/public/wp-includes/general-template.php:3058
[01-Oct-2022 07:49:24 UTC] PHP  11. WP_Hook->do_action() /Users/lxjjak5788/Local Sites/lwtguideline/app/public/wp-includes/plugin.php:476
[01-Oct-2022 07:49:24 UTC] PHP  12. WP_Hook->apply_filters() /Users/lxjjak5788/Local Sites/lwtguideline/app/public/wp-includes/class-wp-hook.php:331
[01-Oct-2022 07:49:24 UTC] PHP  13. wp_maybe_inline_styles() /Users/lxjjak5788/Local Sites/lwtguideline/app/public/wp-includes/class-wp-hook.php:307
[01-Oct-2022 07:49:26 UTC] PHP Warning:  Invalid argument supplied for foreach() in /Users/lxjjak5788/Local Sites/lwtguideline/app/public/wp-includes/script-loader.php on line 2781
[01-Oct-2022 07:49:26 UTC] PHP Stack trace:
[01-Oct-2022 07:49:26 UTC] PHP   1. {main}() /Users/lxjjak5788/Local Sites/lwtguideline/app/public/index.php:0
[01-Oct-2022 07:49:26 UTC] PHP   2. require() /Users/lxjjak5788/Local Sites/lwtguideline/app/public/index.php:17
[01-Oct-2022 07:49:26 UTC] PHP   3. require_once() /Users/lxjjak5788/Local Sites/lwtguideline/app/public/wp-blog-header.php:19
[01-Oct-2022 07:49:26 UTC] PHP   4. include() /Users/lxjjak5788/Local Sites/lwtguideline/app/public/wp-includes/template-loader.php:106
[01-Oct-2022 07:49:26 UTC] PHP   5. get_footer() /Users/lxjjak5788/Local Sites/lwtguideline/app/public/wp-content/themes/lwtguideline/home.php:87
[01-Oct-2022 07:49:26 UTC] PHP   6. locate_template() /Users/lxjjak5788/Local Sites/lwtguideline/app/public/wp-includes/general-template.php:92
[01-Oct-2022 07:49:26 UTC] PHP   7. load_template() /Users/lxjjak5788/Local Sites/lwtguideline/app/public/wp-includes/template.php:716
[01-Oct-2022 07:49:26 UTC] PHP   8. require_once() /Users/lxjjak5788/Local Sites/lwtguideline/app/public/wp-includes/template.php:770
[01-Oct-2022 07:49:26 UTC] PHP   9. wp_footer() /Users/lxjjak5788/Local Sites/lwtguideline/app/public/wp-content/themes/lwtguideline/footer.php:29
[01-Oct-2022 07:49:26 UTC] PHP  10. do_action() /Users/lxjjak5788/Local Sites/lwtguideline/app/public/wp-includes/general-template.php:3058
[01-Oct-2022 07:49:26 UTC] PHP  11. WP_Hook->do_action() /Users/lxjjak5788/Local Sites/lwtguideline/app/public/wp-includes/plugin.php:476
[01-Oct-2022 07:49:26 UTC] PHP  12. WP_Hook->apply_filters() /Users/lxjjak5788/Local Sites/lwtguideline/app/public/wp-includes/class-wp-hook.php:331
[01-Oct-2022 07:49:26 UTC] PHP  13. wp_maybe_inline_styles() /Users/lxjjak5788/Local Sites/lwtguideline/app/public/wp-includes/class-wp-hook.php:307
[01-Oct-2022 07:49:27 UTC] PHP Warning:  Invalid argument supplied for foreach() in /Users/lxjjak5788/Local Sites/lwtguideline/app/public/wp-includes/script-loader.php on line 2781
[01-Oct-2022 07:49:27 UTC] PHP Stack trace:
[01-Oct-2022 07:49:27 UTC] PHP   1. {main}() /Users/lxjjak5788/Local Sites/lwtguideline/app/public/index.php:0
[01-Oct-2022 07:49:27 UTC] PHP   2. require() /Users/lxjjak5788/Local Sites/lwtguideline/app/public/index.php:17
[01-Oct-2022 07:49:27 UTC] PHP   3. require_once() /Users/lxjjak5788/Local Sites/lwtguideline/app/public/wp-blog-header.php:19
[01-Oct-2022 07:49:27 UTC] PHP   4. include() /Users/lxjjak5788/Local Sites/lwtguideline/app/public/wp-includes/template-loader.php:106
[01-Oct-2022 07:49:27 UTC] PHP   5. get_footer() /Users/lxjjak5788/Local Sites/lwtguideline/app/public/wp-content/themes/lwtguideline/home.php:87
[01-Oct-2022 07:49:27 UTC] PHP   6. locate_template() /Users/lxjjak5788/Local Sites/lwtguideline/app/public/wp-includes/general-template.php:92
[01-Oct-2022 07:49:27 UTC] PHP   7. load_template() /Users/lxjjak5788/Local Sites/lwtguideline/app/public/wp-includes/template.php:716
[01-Oct-2022 07:49:27 UTC] PHP   8. require_once() /Users/lxjjak5788/Local Sites/lwtguideline/app/public/wp-includes/template.php:770
[01-Oct-2022 07:49:27 UTC] PHP   9. wp_footer() /Users/lxjjak5788/Local Sites/lwtguideline/app/public/wp-content/themes/lwtguideline/footer.php:29
[01-Oct-2022 07:49:27 UTC] PHP  10. do_action() /Users/lxjjak5788/Local Sites/lwtguideline/app/public/wp-includes/general-template.php:3058
[01-Oct-2022 07:49:27 UTC] PHP  11. WP_Hook->do_action() /Users/lxjjak5788/Local Sites/lwtguideline/app/public/wp-includes/plugin.php:476
[01-Oct-2022 07:49:27 UTC] PHP  12. WP_Hook->apply_filters() /Users/lxjjak5788/Local Sites/lwtguideline/app/public/wp-includes/class-wp-hook.php:331
[01-Oct-2022 07:49:27 UTC] PHP  13. wp_maybe_inline_styles() /Users/lxjjak5788/Local Sites/lwtguideline/app/public/wp-includes/class-wp-hook.php:307
[01-Oct-2022 07:49:40 UTC] PHP Warning:  Invalid argument supplied for foreach() in /Users/lxjjak5788/Local Sites/lwtguideline/app/public/wp-includes/script-loader.php on line 2781
[01-Oct-2022 07:49:40 UTC] PHP Stack trace:
[01-Oct-2022 07:49:40 UTC] PHP   1. {main}() /Users/lxjjak5788/Local Sites/lwtguideline/app/public/index.php:0
[01-Oct-2022 07:49:40 UTC] PHP   2. require() /Users/lxjjak5788/Local Sites/lwtguideline/app/public/index.php:17
[01-Oct-2022 07:49:40 UTC] PHP   3. require_once() /Users/lxjjak5788/Local Sites/lwtguideline/app/public/wp-blog-header.php:19
[01-Oct-2022 07:49:40 UTC] PHP   4. include() /Users/lxjjak5788/Local Sites/lwtguideline/app/public/wp-includes/template-loader.php:106
[01-Oct-2022 07:49:40 UTC] PHP   5. get_footer() /Users/lxjjak5788/Local Sites/lwtguideline/app/public/wp-content/themes/lwtguideline/home.php:87
[01-Oct-2022 07:49:40 UTC] PHP   6. locate_template() /Users/lxjjak5788/Local Sites/lwtguideline/app/public/wp-includes/general-template.php:92
[01-Oct-2022 07:49:40 UTC] PHP   7. load_template() /Users/lxjjak5788/Local Sites/lwtguideline/app/public/wp-includes/template.php:716
[01-Oct-2022 07:49:40 UTC] PHP   8. require_once() /Users/lxjjak5788/Local Sites/lwtguideline/app/public/wp-includes/template.php:770
[01-Oct-2022 07:49:40 UTC] PHP   9. wp_footer() /Users/lxjjak5788/Local Sites/lwtguideline/app/public/wp-content/themes/lwtguideline/footer.php:29
[01-Oct-2022 07:49:40 UTC] PHP  10. do_action() /Users/lxjjak5788/Local Sites/lwtguideline/app/public/wp-includes/general-template.php:3058
[01-Oct-2022 07:49:40 UTC] PHP  11. WP_Hook->do_action() /Users/lxjjak5788/Local Sites/lwtguideline/app/public/wp-includes/plugin.php:476
[01-Oct-2022 07:49:40 UTC] PHP  12. WP_Hook->apply_filters() /Users/lxjjak5788/Local Sites/lwtguideline/app/public/wp-includes/class-wp-hook.php:331
[01-Oct-2022 07:49:40 UTC] PHP  13. wp_maybe_inline_styles() /Users/lxjjak5788/Local Sites/lwtguideline/app/public/wp-includes/class-wp-hook.php:307
[01-Oct-2022 10:00:00 UTC] PHP Parse error:  syntax error, unexpected '=>' (T_DOUBLE_ARROW) in /Users/lxjjak5788/Local Sites/lwtguideline/app/public/wp-content/themes/lwtguideline/home.php on line 92
[01-Oct-2022 10:00:15 UTC] PHP Parse error:  syntax error, unexpected '=>' (T_DOUBLE_ARROW) in /Users/lxjjak5788/Local Sites/lwtguideline/app/public/wp-content/themes/lwtguideline/home.php on line 92
[01-Oct-2022 10:00:16 UTC] PHP Parse error:  syntax error, unexpected '=>' (T_DOUBLE_ARROW) in /Users/lxjjak5788/Local Sites/lwtguideline/app/public/wp-content/themes/lwtguideline/home.php on line 92
[01-Oct-2022 10:16:14 UTC] PHP Parse error:  syntax error, unexpected end of file, expecting elseif (T_ELSEIF) or else (T_ELSE) or endif (T_ENDIF) in /Users/lxjjak5788/Local Sites/lwtguideline/app/public/wp-content/themes/lwtguideline/header.php on line 64
[01-Oct-2022 10:16:14 UTC] PHP Parse error:  syntax error, unexpected end of file, expecting elseif (T_ELSEIF) or else (T_ELSE) or endif (T_ENDIF) in /Users/lxjjak5788/Local Sites/lwtguideline/app/public/wp-content/themes/lwtguideline/header.php on line 64
[01-Oct-2022 10:16:51 UTC] PHP Parse error:  syntax error, unexpected 'endif' (T_ENDIF), expecting end of file in /Users/lxjjak5788/Local Sites/lwtguideline/app/public/wp-content/themes/lwtguideline/footer.php on line 43
[01-Oct-2022 10:27:10 UTC] PHP Fatal error:  Uncaught Error: Call to undefined function redirect() in /Users/lxjjak5788/Local Sites/lwtguideline/app/public/wp-content/themes/lwtguideline/category.php:43
Stack trace:
#0 /Users/lxjjak5788/Local Sites/lwtguideline/app/public/wp-includes/template-loader.php(106): include()
#1 /Users/lxjjak5788/Local Sites/lwtguideline/app/public/wp-blog-header.php(19): require_once('/Users/lxjjak57...')
#2 /Users/lxjjak5788/Local Sites/lwtguideline/app/public/index.php(17): require('/Users/lxjjak57...')
#3 {main}
  thrown in /Users/lxjjak5788/Local Sites/lwtguideline/app/public/wp-content/themes/lwtguideline/category.php on line 43
[01-Oct-2022 10:28:08 UTC] PHP Fatal error:  Uncaught Error: Call to undefined function redirect() in /Users/lxjjak5788/Local Sites/lwtguideline/app/public/wp-content/themes/lwtguideline/category.php:45
Stack trace:
#0 /Users/lxjjak5788/Local Sites/lwtguideline/app/public/wp-includes/template-loader.php(106): include()
#1 /Users/lxjjak5788/Local Sites/lwtguideline/app/public/wp-blog-header.php(19): require_once('/Users/lxjjak57...')
#2 /Users/lxjjak5788/Local Sites/lwtguideline/app/public/index.php(17): require('/Users/lxjjak57...')
#3 {main}
  thrown in /Users/lxjjak5788/Local Sites/lwtguideline/app/public/wp-content/themes/lwtguideline/category.php on line 45
[01-Oct-2022 10:28:52 UTC] PHP Parse error:  syntax error, unexpected end of file in /Users/lxjjak5788/Local Sites/lwtguideline/app/public/wp-content/themes/lwtguideline/category.php on line 44
[01-Oct-2022 10:29:03 UTC] PHP Fatal error:  Uncaught Error: Call to undefined function redirect() in /Users/lxjjak5788/Local Sites/lwtguideline/app/public/wp-content/themes/lwtguideline/category.php:43
Stack trace:
#0 /Users/lxjjak5788/Local Sites/lwtguideline/app/public/wp-includes/template-loader.php(106): include()
#1 /Users/lxjjak5788/Local Sites/lwtguideline/app/public/wp-blog-header.php(19): require_once('/Users/lxjjak57...')
#2 /Users/lxjjak5788/Local Sites/lwtguideline/app/public/index.php(17): require('/Users/lxjjak57...')
#3 {main}
  thrown in /Users/lxjjak5788/Local Sites/lwtguideline/app/public/wp-content/themes/lwtguideline/category.php on line 43
[01-Oct-2022 10:30:11 UTC] PHP Parse error:  syntax error, unexpected end of file in /Users/lxjjak5788/Local Sites/lwtguideline/app/public/wp-content/themes/lwtguideline/category.php on line 45
[01-Oct-2022 10:30:31 UTC] PHP Fatal error:  Uncaught Error: Call to undefined function redirect() in /Users/lxjjak5788/Local Sites/lwtguideline/app/public/wp-content/themes/lwtguideline/category.php:43
Stack trace:
#0 /Users/lxjjak5788/Local Sites/lwtguideline/app/public/wp-includes/template-loader.php(106): include()
#1 /Users/lxjjak5788/Local Sites/lwtguideline/app/public/wp-blog-header.php(19): require_once('/Users/lxjjak57...')
#2 /Users/lxjjak5788/Local Sites/lwtguideline/app/public/index.php(17): require('/Users/lxjjak57...')
#3 {main}
  thrown in /Users/lxjjak5788/Local Sites/lwtguideline/app/public/wp-content/themes/lwtguideline/category.php on line 43
[01-Oct-2022 10:30:49 UTC] PHP Fatal error:  Uncaught Error: Call to undefined function redirect() in /Users/lxjjak5788/Local Sites/lwtguideline/app/public/wp-content/themes/lwtguideline/category.php:43
Stack trace:
#0 /Users/lxjjak5788/Local Sites/lwtguideline/app/public/wp-includes/template-loader.php(106): include()
#1 /Users/lxjjak5788/Local Sites/lwtguideline/app/public/wp-blog-header.php(19): require_once('/Users/lxjjak57...')
#2 /Users/lxjjak5788/Local Sites/lwtguideline/app/public/index.php(17): require('/Users/lxjjak57...')
#3 {main}
  thrown in /Users/lxjjak5788/Local Sites/lwtguideline/app/public/wp-content/themes/lwtguideline/category.php on line 43
[01-Oct-2022 10:30:51 UTC] PHP Fatal error:  Uncaught Error: Call to undefined function redirect() in /Users/lxjjak5788/Local Sites/lwtguideline/app/public/wp-content/themes/lwtguideline/category.php:43
Stack trace:
#0 /Users/lxjjak5788/Local Sites/lwtguideline/app/public/wp-includes/template-loader.php(106): include()
#1 /Users/lxjjak5788/Local Sites/lwtguideline/app/public/wp-blog-header.php(19): require_once('/Users/lxjjak57...')
#2 /Users/lxjjak5788/Local Sites/lwtguideline/app/public/index.php(17): require('/Users/lxjjak57...')
#3 {main}
  thrown in /Users/lxjjak5788/Local Sites/lwtguideline/app/public/wp-content/themes/lwtguideline/category.php on line 43
[01-Oct-2022 10:31:02 UTC] PHP Parse error:  syntax error, unexpected 'else' (T_ELSE), expecting end of file in /Users/lxjjak5788/Local Sites/lwtguideline/app/public/wp-content/themes/lwtguideline/category.php on line 42
[01-Oct-2022 10:31:11 UTC] PHP Parse error:  syntax error, unexpected 'else' (T_ELSE), expecting end of file in /Users/lxjjak5788/Local Sites/lwtguideline/app/public/wp-content/themes/lwtguideline/category.php on line 42
[01-Oct-2022 10:31:12 UTC] PHP Parse error:  syntax error, unexpected 'else' (T_ELSE), expecting end of file in /Users/lxjjak5788/Local Sites/lwtguideline/app/public/wp-content/themes/lwtguideline/category.php on line 42
[07-Oct-2022 00:46:02 UTC] PHP Warning:  予期しないエラーが発生しました。WordPress.org かこのサーバーの設定に何か問題があるかもしれません。問題が続くようであれば、<a href="https://ja.wordpress.org/support/forums/">サポートフォーラム</a>を参照してみてください。 (WordPress は WordPress.org との安全な接続を確立できませんでした。サーバー管理者にご連絡ください) in /Users/lxjjak5788/Local Sites/lwtguideline/app/public/wp-includes/update.php on line 172
[07-Oct-2022 00:46:02 UTC] PHP Stack trace:
[07-Oct-2022 00:46:02 UTC] PHP   1. {main}() /Users/lxjjak5788/Local Sites/lwtguideline/app/public/wp-cron.php:0
[07-Oct-2022 00:46:02 UTC] PHP   2. do_action_ref_array() /Users/lxjjak5788/Local Sites/lwtguideline/app/public/wp-cron.php:138
[07-Oct-2022 00:46:02 UTC] PHP   3. WP_Hook->do_action() /Users/lxjjak5788/Local Sites/lwtguideline/app/public/wp-includes/plugin.php:524
[07-Oct-2022 00:46:02 UTC] PHP   4. WP_Hook->apply_filters() /Users/lxjjak5788/Local Sites/lwtguideline/app/public/wp-includes/class-wp-hook.php:331
[07-Oct-2022 00:46:02 UTC] PHP   5. wp_version_check() /Users/lxjjak5788/Local Sites/lwtguideline/app/public/wp-includes/class-wp-hook.php:307
[07-Oct-2022 00:46:02 UTC] PHP   6. trigger_error() /Users/lxjjak5788/Local Sites/lwtguideline/app/public/wp-includes/update.php:172
[07-Oct-2022 00:46:23 UTC] PHP Warning:  予期しないエラーが発生しました。WordPress.org かこのサーバーの設定に何か問題があるかもしれません。問題が続くようであれば、<a href="https://ja.wordpress.org/support/forums/">サポートフォーラム</a>を参照してみてください。 (WordPress は WordPress.org との安全な接続を確立できませんでした。サーバー管理者にご連絡ください) in /Users/lxjjak5788/Local Sites/lwtguideline/app/public/wp-includes/update.php on line 410
[07-Oct-2022 00:46:23 UTC] PHP Stack trace:
[07-Oct-2022 00:46:23 UTC] PHP   1. {main}() /Users/lxjjak5788/Local Sites/lwtguideline/app/public/wp-cron.php:0
[07-Oct-2022 00:46:23 UTC] PHP   2. do_action_ref_array() /Users/lxjjak5788/Local Sites/lwtguideline/app/public/wp-cron.php:138
[07-Oct-2022 00:46:23 UTC] PHP   3. WP_Hook->do_action() /Users/lxjjak5788/Local Sites/lwtguideline/app/public/wp-includes/plugin.php:524
[07-Oct-2022 00:46:23 UTC] PHP   4. WP_Hook->apply_filters() /Users/lxjjak5788/Local Sites/lwtguideline/app/public/wp-includes/class-wp-hook.php:331
[07-Oct-2022 00:46:23 UTC] PHP   5. wp_update_plugins() /Users/lxjjak5788/Local Sites/lwtguideline/app/public/wp-includes/class-wp-hook.php:307
[07-Oct-2022 00:46:23 UTC] PHP   6. trigger_error() /Users/lxjjak5788/Local Sites/lwtguideline/app/public/wp-includes/update.php:410
[07-Oct-2022 00:46:43 UTC] PHP Warning:  予期しないエラーが発生しました。WordPress.org かこのサーバーの設定に何か問題があるかもしれません。問題が続くようであれば、<a href="https://ja.wordpress.org/support/forums/">サポートフォーラム</a>を参照してみてください。 (WordPress は WordPress.org との安全な接続を確立できませんでした。サーバー管理者にご連絡ください) in /Users/lxjjak5788/Local Sites/lwtguideline/app/public/wp-includes/update.php on line 690
[07-Oct-2022 00:46:43 UTC] PHP Stack trace:
[07-Oct-2022 00:46:43 UTC] PHP   1. {main}() /Users/lxjjak5788/Local Sites/lwtguideline/app/public/wp-cron.php:0
[07-Oct-2022 00:46:43 UTC] PHP   2. do_action_ref_array() /Users/lxjjak5788/Local Sites/lwtguideline/app/public/wp-cron.php:138
[07-Oct-2022 00:46:43 UTC] PHP   3. WP_Hook->do_action() /Users/lxjjak5788/Local Sites/lwtguideline/app/public/wp-includes/plugin.php:524
[07-Oct-2022 00:46:43 UTC] PHP   4. WP_Hook->apply_filters() /Users/lxjjak5788/Local Sites/lwtguideline/app/public/wp-includes/class-wp-hook.php:331
[07-Oct-2022 00:46:43 UTC] PHP   5. wp_update_themes() /Users/lxjjak5788/Local Sites/lwtguideline/app/public/wp-includes/class-wp-hook.php:307
[07-Oct-2022 00:46:43 UTC] PHP   6. trigger_error() /Users/lxjjak5788/Local Sites/lwtguideline/app/public/wp-includes/update.php:690
[07-Oct-2022 00:47:13 UTC] PHP Warning:  予期しないエラーが発生しました。WordPress.org かこのサーバーの設定に何か問題があるかもしれません。問題が続くようであれば、<a href="https://ja.wordpress.org/support/forums/">サポートフォーラム</a>を参照してみてください。 (WordPress は WordPress.org との安全な接続を確立できませんでした。サーバー管理者にご連絡ください) in /Users/lxjjak5788/Local Sites/lwtguideline/app/public/wp-admin/includes/update.php on line 143
[07-Oct-2022 00:47:13 UTC] PHP Stack trace:
[07-Oct-2022 00:47:13 UTC] PHP   1. {main}() /Users/lxjjak5788/Local Sites/lwtguideline/app/public/wp-cron.php:0
[07-Oct-2022 00:47:13 UTC] PHP   2. do_action_ref_array() /Users/lxjjak5788/Local Sites/lwtguideline/app/public/wp-cron.php:138
[07-Oct-2022 00:47:13 UTC] PHP   3. WP_Hook->do_action() /Users/lxjjak5788/Local Sites/lwtguideline/app/public/wp-includes/plugin.php:524
[07-Oct-2022 00:47:13 UTC] PHP   4. WP_Hook->apply_filters() /Users/lxjjak5788/Local Sites/lwtguideline/app/public/wp-includes/class-wp-hook.php:331
[07-Oct-2022 00:47:13 UTC] PHP   5. WP_Site_Health->wp_cron_scheduled_check() /Users/lxjjak5788/Local Sites/lwtguideline/app/public/wp-includes/class-wp-hook.php:307
[07-Oct-2022 00:47:13 UTC] PHP   6. WP_Site_Health->perform_test() /Users/lxjjak5788/Local Sites/lwtguideline/app/public/wp-admin/includes/class-wp-site-health.php:2787
[07-Oct-2022 00:47:13 UTC] PHP   7. WP_Site_Health->get_test_background_updates() /Users/lxjjak5788/Local Sites/lwtguideline/app/public/wp-admin/includes/class-wp-site-health.php:192
[07-Oct-2022 00:47:13 UTC] PHP   8. WP_Site_Health_Auto_Updates->run_tests() /Users/lxjjak5788/Local Sites/lwtguideline/app/public/wp-admin/includes/class-wp-site-health.php:1812
[07-Oct-2022 00:47:13 UTC] PHP   9. WP_Site_Health_Auto_Updates->test_all_files_writable() /Users/lxjjak5788/Local Sites/lwtguideline/app/public/wp-admin/includes/class-wp-site-health-auto-updates.php:37
[07-Oct-2022 00:47:13 UTC] PHP  10. get_core_checksums() /Users/lxjjak5788/Local Sites/lwtguideline/app/public/wp-admin/includes/class-wp-site-health-auto-updates.php:332
[07-Oct-2022 00:47:13 UTC] PHP  11. trigger_error() /Users/lxjjak5788/Local Sites/lwtguideline/app/public/wp-admin/includes/update.php:143
[07-Oct-2022 05:14:11 UTC] PHP Warning:  予期しないエラーが発生しました。WordPress.org かこのサーバーの設定に何か問題があるかもしれません。問題が続くようであれば、<a href="https://ja.wordpress.org/support/forums/">サポートフォーラム</a>を参照してみてください。 (WordPress は WordPress.org との安全な接続を確立できませんでした。サーバー管理者にご連絡ください) in /Users/lxjjak5788/Local Sites/lwtguideline/app/public/wp-admin/includes/update.php on line 143
[07-Oct-2022 05:14:11 UTC] PHP Stack trace:
[07-Oct-2022 05:14:11 UTC] PHP   1. {main}() /Users/lxjjak5788/Local Sites/lwtguideline/app/public/wp-admin/update-core.php:0
[07-Oct-2022 05:14:11 UTC] PHP   2. do_core_upgrade() /Users/lxjjak5788/Local Sites/lwtguideline/app/public/wp-admin/update-core.php:1116
[07-Oct-2022 05:14:11 UTC] PHP   3. Core_Upgrader->upgrade() /Users/lxjjak5788/Local Sites/lwtguideline/app/public/wp-admin/update-core.php:887
[07-Oct-2022 05:14:11 UTC] PHP   4. Core_Upgrader->check_files() /Users/lxjjak5788/Local Sites/lwtguideline/app/public/wp-admin/includes/class-core-upgrader.php:95
[07-Oct-2022 05:14:11 UTC] PHP   5. get_core_checksums() /Users/lxjjak5788/Local Sites/lwtguideline/app/public/wp-admin/includes/class-core-upgrader.php:400
[07-Oct-2022 05:14:11 UTC] PHP   6. trigger_error() /Users/lxjjak5788/Local Sites/lwtguideline/app/public/wp-admin/includes/update.php:143
[07-Oct-2022 05:16:43 UTC] PHP Warning:  予期しないエラーが発生しました。WordPress.org かこのサーバーの設定に何か問題があるかもしれません。問題が続くようであれば、<a href="https://ja.wordpress.org/support/forums/">サポートフォーラム</a>を参照してみてください。 (WordPress は WordPress.org との安全な接続を確立できませんでした。サーバー管理者にご連絡ください) in /Users/lxjjak5788/Local Sites/lwtguideline/app/public/wp-admin/includes/translation-install.php on line 68
[07-Oct-2022 05:16:43 UTC] PHP Stack trace:
[07-Oct-2022 05:16:43 UTC] PHP   1. {main}() /Users/lxjjak5788/Local Sites/lwtguideline/app/public/wp-admin/options-general.php:0
[07-Oct-2022 05:16:43 UTC] PHP   2. wp_get_available_translations() /Users/lxjjak5788/Local Sites/lwtguideline/app/public/wp-admin/options-general.php:160
[07-Oct-2022 05:16:43 UTC] PHP   3. translations_api() /Users/lxjjak5788/Local Sites/lwtguideline/app/public/wp-admin/includes/translation-install.php:133
[07-Oct-2022 05:16:43 UTC] PHP   4. trigger_error() /Users/lxjjak5788/Local Sites/lwtguideline/app/public/wp-admin/includes/translation-install.php:68
[07-Oct-2022 05:16:45 UTC] PHP Warning:  予期しないエラーが発生しました。WordPress.org かこのサーバーの設定に何か問題があるかもしれません。問題が続くようであれば、<a href="https://ja.wordpress.org/support/forums/">サポートフォーラム</a>を参照してみてください。 (WordPress は WordPress.org との安全な接続を確立できませんでした。サーバー管理者にご連絡ください) in /Users/lxjjak5788/Local Sites/lwtguideline/app/public/wp-admin/includes/translation-install.php on line 68
[07-Oct-2022 05:16:45 UTC] PHP Stack trace:
[07-Oct-2022 05:16:45 UTC] PHP   1. {main}() /Users/lxjjak5788/Local Sites/lwtguideline/app/public/wp-admin/options-general.php:0
[07-Oct-2022 05:16:45 UTC] PHP   2. wp_get_available_translations() /Users/lxjjak5788/Local Sites/lwtguideline/app/public/wp-admin/options-general.php:160
[07-Oct-2022 05:16:45 UTC] PHP   3. translations_api() /Users/lxjjak5788/Local Sites/lwtguideline/app/public/wp-admin/includes/translation-install.php:133
[07-Oct-2022 05:16:45 UTC] PHP   4. trigger_error() /Users/lxjjak5788/Local Sites/lwtguideline/app/public/wp-admin/includes/translation-install.php:68
[07-Oct-2022 05:16:49 UTC] PHP Warning:  予期しないエラーが発生しました。WordPress.org かこのサーバーの設定に何か問題があるかもしれません。問題が続くようであれば、<a href="https://ja.wordpress.org/support/forums/">サポートフォーラム</a>を参照してみてください。 (WordPress は WordPress.org との安全な接続を確立できませんでした。サーバー管理者にご連絡ください) in /Users/lxjjak5788/Local Sites/lwtguideline/app/public/wp-admin/includes/translation-install.php on line 68
[07-Oct-2022 05:16:49 UTC] PHP Stack trace:
[07-Oct-2022 05:16:49 UTC] PHP   1. {main}() /Users/lxjjak5788/Local Sites/lwtguideline/app/public/wp-admin/options-general.php:0
[07-Oct-2022 05:16:49 UTC] PHP   2. wp_dropdown_languages() /Users/lxjjak5788/Local Sites/lwtguideline/app/public/wp-admin/options-general.php:182
[07-Oct-2022 05:16:49 UTC] PHP   3. wp_get_available_translations() /Users/lxjjak5788/Local Sites/lwtguideline/app/public/wp-includes/l10n.php:1547
[07-Oct-2022 05:16:49 UTC] PHP   4. translations_api() /Users/lxjjak5788/Local Sites/lwtguideline/app/public/wp-admin/includes/translation-install.php:133
[07-Oct-2022 05:16:49 UTC] PHP   5. trigger_error() /Users/lxjjak5788/Local Sites/lwtguideline/app/public/wp-admin/includes/translation-install.php:68
[07-Oct-2022 05:16:51 UTC] PHP Warning:  予期しないエラーが発生しました。WordPress.org かこのサーバーの設定に何か問題があるかもしれません。問題が続くようであれば、<a href="https://ja.wordpress.org/support/forums/">サポートフォーラム</a>を参照してみてください。 (WordPress は WordPress.org との安全な接続を確立できませんでした。サーバー管理者にご連絡ください) in /Users/lxjjak5788/Local Sites/lwtguideline/app/public/wp-admin/includes/translation-install.php on line 68
[07-Oct-2022 05:16:51 UTC] PHP Stack trace:
[07-Oct-2022 05:16:51 UTC] PHP   1. {main}() /Users/lxjjak5788/Local Sites/lwtguideline/app/public/wp-admin/options-general.php:0
[07-Oct-2022 05:16:51 UTC] PHP   2. wp_dropdown_languages() /Users/lxjjak5788/Local Sites/lwtguideline/app/public/wp-admin/options-general.php:182
[07-Oct-2022 05:16:51 UTC] PHP   3. wp_get_available_translations() /Users/lxjjak5788/Local Sites/lwtguideline/app/public/wp-includes/l10n.php:1547
[07-Oct-2022 05:16:51 UTC] PHP   4. translations_api() /Users/lxjjak5788/Local Sites/lwtguideline/app/public/wp-admin/includes/translation-install.php:133
[07-Oct-2022 05:16:51 UTC] PHP   5. trigger_error() /Users/lxjjak5788/Local Sites/lwtguideline/app/public/wp-admin/includes/translation-install.php:68
[07-Oct-2022 05:16:56 UTC] PHP Warning:  予期しないエラーが発生しました。WordPress.org かこのサーバーの設定に何か問題があるかもしれません。問題が続くようであれば、<a href="https://ja.wordpress.org/support/forums/">サポートフォーラム</a>を参照してみてください。 (WordPress は WordPress.org との安全な接続を確立できませんでした。サーバー管理者にご連絡ください) in /Users/lxjjak5788/Local Sites/lwtguideline/app/public/wp-admin/includes/translation-install.php on line 68
[07-Oct-2022 05:16:56 UTC] PHP Stack trace:
[07-Oct-2022 05:16:56 UTC] PHP   1. {main}() /Users/lxjjak5788/Local Sites/lwtguideline/app/public/wp-admin/options-general.php:0
[07-Oct-2022 05:16:56 UTC] PHP   2. wp_get_available_translations() /Users/lxjjak5788/Local Sites/lwtguideline/app/public/wp-admin/options-general.php:160
[07-Oct-2022 05:16:56 UTC] PHP   3. translations_api() /Users/lxjjak5788/Local Sites/lwtguideline/app/public/wp-admin/includes/translation-install.php:133
[07-Oct-2022 05:16:56 UTC] PHP   4. trigger_error() /Users/lxjjak5788/Local Sites/lwtguideline/app/public/wp-admin/includes/translation-install.php:68
[07-Oct-2022 05:17:02 UTC] PHP Warning:  予期しないエラーが発生しました。WordPress.org かこのサーバーの設定に何か問題があるかもしれません。問題が続くようであれば、<a href="https://ja.wordpress.org/support/forums/">サポートフォーラム</a>を参照してみてください。 (WordPress は WordPress.org との安全な接続を確立できませんでした。サーバー管理者にご連絡ください) in /Users/lxjjak5788/Local Sites/lwtguideline/app/public/wp-admin/includes/translation-install.php on line 68
[07-Oct-2022 05:17:02 UTC] PHP Stack trace:
[07-Oct-2022 05:17:02 UTC] PHP   1. {main}() /Users/lxjjak5788/Local Sites/lwtguideline/app/public/wp-admin/options-general.php:0
[07-Oct-2022 05:17:02 UTC] PHP   2. wp_dropdown_languages() /Users/lxjjak5788/Local Sites/lwtguideline/app/public/wp-admin/options-general.php:182
[07-Oct-2022 05:17:02 UTC] PHP   3. wp_get_available_translations() /Users/lxjjak5788/Local Sites/lwtguideline/app/public/wp-includes/l10n.php:1547
[07-Oct-2022 05:17:02 UTC] PHP   4. translations_api() /Users/lxjjak5788/Local Sites/lwtguideline/app/public/wp-admin/includes/translation-install.php:133
[07-Oct-2022 05:17:02 UTC] PHP   5. trigger_error() /Users/lxjjak5788/Local Sites/lwtguideline/app/public/wp-admin/includes/translation-install.php:68
[07-Oct-2022 05:17:05 UTC] PHP Warning:  予期しないエラーが発生しました。WordPress.org かこのサーバーの設定に何か問題があるかもしれません。問題が続くようであれば、<a href="https://ja.wordpress.org/support/forums/">サポートフォーラム</a>を参照してみてください。 (WordPress は WordPress.org との安全な接続を確立できませんでした。サーバー管理者にご連絡ください) in /Users/lxjjak5788/Local Sites/lwtguideline/app/public/wp-admin/includes/translation-install.php on line 68
[07-Oct-2022 05:17:05 UTC] PHP Stack trace:
[07-Oct-2022 05:17:05 UTC] PHP   1. {main}() /Users/lxjjak5788/Local Sites/lwtguideline/app/public/wp-admin/options-general.php:0
[07-Oct-2022 05:17:05 UTC] PHP   2. wp_get_available_translations() /Users/lxjjak5788/Local Sites/lwtguideline/app/public/wp-admin/options-general.php:160
[07-Oct-2022 05:17:05 UTC] PHP   3. translations_api() /Users/lxjjak5788/Local Sites/lwtguideline/app/public/wp-admin/includes/translation-install.php:133
[07-Oct-2022 05:17:05 UTC] PHP   4. trigger_error() /Users/lxjjak5788/Local Sites/lwtguideline/app/public/wp-admin/includes/translation-install.php:68
[07-Oct-2022 05:17:11 UTC] PHP Warning:  予期しないエラーが発生しました。WordPress.org かこのサーバーの設定に何か問題があるかもしれません。問題が続くようであれば、<a href="https://ja.wordpress.org/support/forums/">サポートフォーラム</a>を参照してみてください。 (WordPress は WordPress.org との安全な接続を確立できませんでした。サーバー管理者にご連絡ください) in /Users/lxjjak5788/Local Sites/lwtguideline/app/public/wp-admin/includes/translation-install.php on line 68
[07-Oct-2022 05:17:11 UTC] PHP Stack trace:
[07-Oct-2022 05:17:11 UTC] PHP   1. {main}() /Users/lxjjak5788/Local Sites/lwtguideline/app/public/wp-admin/options-general.php:0
[07-Oct-2022 05:17:11 UTC] PHP   2. wp_get_available_translations() /Users/lxjjak5788/Local Sites/lwtguideline/app/public/wp-admin/options-general.php:160
[07-Oct-2022 05:17:11 UTC] PHP   3. translations_api() /Users/lxjjak5788/Local Sites/lwtguideline/app/public/wp-admin/includes/translation-install.php:133
[07-Oct-2022 05:17:11 UTC] PHP   4. trigger_error() /Users/lxjjak5788/Local Sites/lwtguideline/app/public/wp-admin/includes/translation-install.php:68
[07-Oct-2022 05:17:11 UTC] PHP Warning:  予期しないエラーが発生しました。WordPress.org かこのサーバーの設定に何か問題があるかもしれません。問題が続くようであれば、<a href="https://ja.wordpress.org/support/forums/">サポートフォーラム</a>を参照してみてください。 (WordPress は WordPress.org との安全な接続を確立できませんでした。サーバー管理者にご連絡ください) in /Users/lxjjak5788/Local Sites/lwtguideline/app/public/wp-admin/includes/translation-install.php on line 68
[07-Oct-2022 05:17:11 UTC] PHP Stack trace:
[07-Oct-2022 05:17:11 UTC] PHP   1. {main}() /Users/lxjjak5788/Local Sites/lwtguideline/app/public/wp-admin/options-general.php:0
[07-Oct-2022 05:17:11 UTC] PHP   2. wp_dropdown_languages() /Users/lxjjak5788/Local Sites/lwtguideline/app/public/wp-admin/options-general.php:182
[07-Oct-2022 05:17:11 UTC] PHP   3. wp_get_available_translations() /Users/lxjjak5788/Local Sites/lwtguideline/app/public/wp-includes/l10n.php:1547
[07-Oct-2022 05:17:11 UTC] PHP   4. translations_api() /Users/lxjjak5788/Local Sites/lwtguideline/app/public/wp-admin/includes/translation-install.php:133
[07-Oct-2022 05:17:11 UTC] PHP   5. trigger_error() /Users/lxjjak5788/Local Sites/lwtguideline/app/public/wp-admin/includes/translation-install.php:68
[07-Oct-2022 05:17:17 UTC] PHP Warning:  予期しないエラーが発生しました。WordPress.org かこのサーバーの設定に何か問題があるかもしれません。問題が続くようであれば、<a href="https://ja.wordpress.org/support/forums/">サポートフォーラム</a>を参照してみてください。 (WordPress は WordPress.org との安全な接続を確立できませんでした。サーバー管理者にご連絡ください) in /Users/lxjjak5788/Local Sites/lwtguideline/app/public/wp-admin/includes/translation-install.php on line 68
[07-Oct-2022 05:17:17 UTC] PHP Stack trace:
[07-Oct-2022 05:17:17 UTC] PHP   1. {main}() /Users/lxjjak5788/Local Sites/lwtguideline/app/public/wp-admin/options-general.php:0
[07-Oct-2022 05:17:17 UTC] PHP   2. wp_dropdown_languages() /Users/lxjjak5788/Local Sites/lwtguideline/app/public/wp-admin/options-general.php:182
[07-Oct-2022 05:17:17 UTC] PHP   3. wp_get_available_translations() /Users/lxjjak5788/Local Sites/lwtguideline/app/public/wp-includes/l10n.php:1547
[07-Oct-2022 05:17:17 UTC] PHP   4. translations_api() /Users/lxjjak5788/Local Sites/lwtguideline/app/public/wp-admin/includes/translation-install.php:133
[07-Oct-2022 05:17:17 UTC] PHP   5. trigger_error() /Users/lxjjak5788/Local Sites/lwtguideline/app/public/wp-admin/includes/translation-install.php:68
[07-Oct-2022 07:32:20 UTC] PHP Warning:  予期しないエラーが発生しました。WordPress.org かこのサーバーの設定に何か問題があるかもしれません。問題が続くようであれば、<a href="https://ja.wordpress.org/support/forums/">サポートフォーラム</a>を参照してみてください。 (WordPress は WordPress.org との安全な接続を確立できませんでした。サーバー管理者にご連絡ください) in /Users/lxjjak5788/Local Sites/lwtguideline/app/public/wp-admin/includes/plugin-install.php on line 183
[07-Oct-2022 07:32:20 UTC] PHP Stack trace:
[07-Oct-2022 07:32:20 UTC] PHP   1. {main}() /Users/lxjjak5788/Local Sites/lwtguideline/app/public/wp-admin/plugin-install.php:0
[07-Oct-2022 07:32:20 UTC] PHP   2. do_action() /Users/lxjjak5788/Local Sites/lwtguideline/app/public/wp-admin/plugin-install.php:196
[07-Oct-2022 07:32:20 UTC] PHP   3. WP_Hook->do_action() /Users/lxjjak5788/Local Sites/lwtguideline/app/public/wp-includes/plugin.php:476
[07-Oct-2022 07:32:20 UTC] PHP   4. WP_Hook->apply_filters() /Users/lxjjak5788/Local Sites/lwtguideline/app/public/wp-includes/class-wp-hook.php:331
[07-Oct-2022 07:32:20 UTC] PHP   5. install_dashboard() /Users/lxjjak5788/Local Sites/lwtguideline/app/public/wp-includes/class-wp-hook.php:307
[07-Oct-2022 07:32:20 UTC] PHP   6. install_popular_tags() /Users/lxjjak5788/Local Sites/lwtguideline/app/public/wp-admin/includes/plugin-install.php:277
[07-Oct-2022 07:32:20 UTC] PHP   7. plugins_api() /Users/lxjjak5788/Local Sites/lwtguideline/app/public/wp-admin/includes/plugin-install.php:252
[07-Oct-2022 07:32:20 UTC] PHP   8. trigger_error() /Users/lxjjak5788/Local Sites/lwtguideline/app/public/wp-admin/includes/plugin-install.php:183
[09-Oct-2022 15:04:12 UTC] PHP Parse error:  syntax error, unexpected 'endwhile' (T_ENDWHILE), expecting end of file in /Users/lxjjak5788/Local Sites/lwtguideline/app/public/wp-content/themes/lwtguideline/page.php on line 12
[09-Oct-2022 15:04:12 UTC] PHP Parse error:  syntax error, unexpected 'endwhile' (T_ENDWHILE), expecting end of file in /Users/lxjjak5788/Local Sites/lwtguideline/app/public/wp-content/themes/lwtguideline/page.php on line 12
[11-Oct-2022 13:22:27 UTC] PHP Parse error:  syntax error, unexpected '=>' (T_DOUBLE_ARROW), expecting ')' in /Users/lxjjak5788/Local Sites/lwtguideline/app/public/wp-content/themes/lwtguideline/parts-mainView.php on line 15
[11-Oct-2022 13:22:38 UTC] PHP Parse error:  syntax error, unexpected '=>' (T_DOUBLE_ARROW), expecting ')' in /Users/lxjjak5788/Local Sites/lwtguideline/app/public/wp-content/themes/lwtguideline/parts-mainView.php on line 15
[11-Oct-2022 13:27:40 UTC] PHP Parse error:  syntax error, unexpected 'img_fluid' (T_STRING), expecting ';' in /Users/lxjjak5788/Local Sites/lwtguideline/app/public/wp-content/themes/lwtguideline/functions.php on line 49
[11-Oct-2022 13:27:40 UTC] PHP Parse error:  syntax error, unexpected 'img_fluid' (T_STRING), expecting ';' in /Users/lxjjak5788/Local Sites/lwtguideline/app/public/wp-content/themes/lwtguideline/functions.php on line 49
[11-Oct-2022 13:28:00 UTC] PHP Parse error:  syntax error, unexpected 'img_fluid' (T_STRING), expecting ';' in /Users/lxjjak5788/Local Sites/lwtguideline/app/public/wp-content/themes/lwtguideline/functions.php on line 49
[11-Oct-2022 13:28:44 UTC] PHP Parse error:  syntax error, unexpected 'img_fluid' (T_STRING), expecting ';' in /Users/lxjjak5788/Local Sites/lwtguideline/app/public/wp-content/themes/lwtguideline/functions.php on line 49
[11-Oct-2022 13:28:45 UTC] PHP Parse error:  syntax error, unexpected 'img_fluid' (T_STRING), expecting ';' in /Users/lxjjak5788/Local Sites/lwtguideline/app/public/wp-content/themes/lwtguideline/functions.php on line 49
[11-Oct-2022 13:29:04 UTC] PHP Parse error:  syntax error, unexpected 'img_fluid' (T_STRING), expecting ';' in /Users/lxjjak5788/Local Sites/lwtguideline/app/public/wp-content/themes/lwtguideline/functions.php on line 49
[11-Oct-2022 13:29:04 UTC] PHP Parse error:  syntax error, unexpected 'img_fluid' (T_STRING), expecting ';' in /Users/lxjjak5788/Local Sites/lwtguideline/app/public/wp-content/themes/lwtguideline/functions.php on line 49
[11-Oct-2022 13:29:15 UTC] PHP Parse error:  syntax error, unexpected '$img_fluid' (T_VARIABLE), expecting ';' in /Users/lxjjak5788/Local Sites/lwtguideline/app/public/wp-content/themes/lwtguideline/functions.php on line 49
[11-Oct-2022 13:29:15 UTC] PHP Parse error:  syntax error, unexpected '$img_fluid' (T_VARIABLE), expecting ';' in /Users/lxjjak5788/Local Sites/lwtguideline/app/public/wp-content/themes/lwtguideline/functions.php on line 49
[11-Oct-2022 13:29:57 UTC] PHP Parse error:  syntax error, unexpected 'img_fluid' (T_STRING), expecting ';' in /Users/lxjjak5788/Local Sites/lwtguideline/app/public/wp-content/themes/lwtguideline/functions.php on line 49
[11-Oct-2022 13:29:57 UTC] PHP Parse error:  syntax error, unexpected 'img_fluid' (T_STRING), expecting ';' in /Users/lxjjak5788/Local Sites/lwtguideline/app/public/wp-content/themes/lwtguideline/functions.php on line 49
[11-Oct-2022 13:29:58 UTC] PHP Parse error:  syntax error, unexpected 'img_fluid' (T_STRING), expecting ';' in /Users/lxjjak5788/Local Sites/lwtguideline/app/public/wp-content/themes/lwtguideline/functions.php on line 49
[11-Oct-2022 13:30:14 UTC] PHP Parse error:  syntax error, unexpected 'img_fluid' (T_STRING), expecting ';' in /Users/lxjjak5788/Local Sites/lwtguideline/app/public/wp-content/themes/lwtguideline/functions.php on line 49
[11-Oct-2022 13:50:24 UTC] PHP Parse error:  syntax error, unexpected ''">'' (T_CONSTANT_ENCAPSED_STRING), expecting ';' in /Users/lxjjak5788/Local Sites/lwtguideline/app/public/wp-content/themes/lwtguideline/functions.php on line 51
[11-Oct-2022 13:50:25 UTC] PHP Parse error:  syntax error, unexpected ''">'' (T_CONSTANT_ENCAPSED_STRING), expecting ';' in /Users/lxjjak5788/Local Sites/lwtguideline/app/public/wp-content/themes/lwtguideline/functions.php on line 51
[12-Oct-2022 03:06:41 UTC] PHP Warning:  予期しないエラーが発生しました。WordPress.org かこのサーバーの設定に何か問題があるかもしれません。問題が続くようであれば、<a href="https://ja.wordpress.org/support/forums/">サポートフォーラム</a>を参照してみてください。 (WordPress は WordPress.org との安全な接続を確立できませんでした。サーバー管理者にご連絡ください) in /Users/lxjjak5788/Local Sites/lwtguideline/app/public/wp-includes/update.php on line 172
[12-Oct-2022 03:06:41 UTC] PHP Stack trace:
[12-Oct-2022 03:06:41 UTC] PHP   1. {main}() /Users/lxjjak5788/Local Sites/lwtguideline/app/public/wp-cron.php:0
[12-Oct-2022 03:06:41 UTC] PHP   2. do_action_ref_array() /Users/lxjjak5788/Local Sites/lwtguideline/app/public/wp-cron.php:138
[12-Oct-2022 03:06:41 UTC] PHP   3. WP_Hook->do_action() /Users/lxjjak5788/Local Sites/lwtguideline/app/public/wp-includes/plugin.php:524
[12-Oct-2022 03:06:41 UTC] PHP   4. WP_Hook->apply_filters() /Users/lxjjak5788/Local Sites/lwtguideline/app/public/wp-includes/class-wp-hook.php:331
[12-Oct-2022 03:06:41 UTC] PHP   5. wp_version_check() /Users/lxjjak5788/Local Sites/lwtguideline/app/public/wp-includes/class-wp-hook.php:307
[12-Oct-2022 03:06:41 UTC] PHP   6. trigger_error() /Users/lxjjak5788/Local Sites/lwtguideline/app/public/wp-includes/update.php:172
[12-Oct-2022 03:07:01 UTC] PHP Warning:  予期しないエラーが発生しました。WordPress.org かこのサーバーの設定に何か問題があるかもしれません。問題が続くようであれば、<a href="https://ja.wordpress.org/support/forums/">サポートフォーラム</a>を参照してみてください。 (WordPress は WordPress.org との安全な接続を確立できませんでした。サーバー管理者にご連絡ください) in /Users/lxjjak5788/Local Sites/lwtguideline/app/public/wp-includes/update.php on line 410
[12-Oct-2022 03:07:01 UTC] PHP Stack trace:
[12-Oct-2022 03:07:01 UTC] PHP   1. {main}() /Users/lxjjak5788/Local Sites/lwtguideline/app/public/wp-cron.php:0
[12-Oct-2022 03:07:01 UTC] PHP   2. do_action_ref_array() /Users/lxjjak5788/Local Sites/lwtguideline/app/public/wp-cron.php:138
[12-Oct-2022 03:07:01 UTC] PHP   3. WP_Hook->do_action() /Users/lxjjak5788/Local Sites/lwtguideline/app/public/wp-includes/plugin.php:524
[12-Oct-2022 03:07:01 UTC] PHP   4. WP_Hook->apply_filters() /Users/lxjjak5788/Local Sites/lwtguideline/app/public/wp-includes/class-wp-hook.php:331
[12-Oct-2022 03:07:01 UTC] PHP   5. wp_update_plugins() /Users/lxjjak5788/Local Sites/lwtguideline/app/public/wp-includes/class-wp-hook.php:307
[12-Oct-2022 03:07:01 UTC] PHP   6. trigger_error() /Users/lxjjak5788/Local Sites/lwtguideline/app/public/wp-includes/update.php:410
[12-Oct-2022 03:07:21 UTC] PHP Warning:  予期しないエラーが発生しました。WordPress.org かこのサーバーの設定に何か問題があるかもしれません。問題が続くようであれば、<a href="https://ja.wordpress.org/support/forums/">サポートフォーラム</a>を参照してみてください。 (WordPress は WordPress.org との安全な接続を確立できませんでした。サーバー管理者にご連絡ください) in /Users/lxjjak5788/Local Sites/lwtguideline/app/public/wp-includes/update.php on line 690
[12-Oct-2022 03:07:21 UTC] PHP Stack trace:
[12-Oct-2022 03:07:21 UTC] PHP   1. {main}() /Users/lxjjak5788/Local Sites/lwtguideline/app/public/wp-cron.php:0
[12-Oct-2022 03:07:21 UTC] PHP   2. do_action_ref_array() /Users/lxjjak5788/Local Sites/lwtguideline/app/public/wp-cron.php:138
[12-Oct-2022 03:07:21 UTC] PHP   3. WP_Hook->do_action() /Users/lxjjak5788/Local Sites/lwtguideline/app/public/wp-includes/plugin.php:524
[12-Oct-2022 03:07:21 UTC] PHP   4. WP_Hook->apply_filters() /Users/lxjjak5788/Local Sites/lwtguideline/app/public/wp-includes/class-wp-hook.php:331
[12-Oct-2022 03:07:21 UTC] PHP   5. wp_update_themes() /Users/lxjjak5788/Local Sites/lwtguideline/app/public/wp-includes/class-wp-hook.php:307
[12-Oct-2022 03:07:21 UTC] PHP   6. trigger_error() /Users/lxjjak5788/Local Sites/lwtguideline/app/public/wp-includes/update.php:690
[12-Oct-2022 03:09:30 UTC] PHP Parse error:  syntax error, unexpected 'class' (T_CLASS) in /Users/lxjjak5788/Local Sites/lwtguideline/app/public/wp-content/themes/lwtguideline/home.php on line 4
[13-Oct-2022 07:05:59 UTC] PHP Warning:  予期しないエラーが発生しました。WordPress.org かこのサーバーの設定に何か問題があるかもしれません。問題が続くようであれば、<a href="https://ja.wordpress.org/support/forums/">サポートフォーラム</a>を参照してみてください。 (WordPress は WordPress.org との安全な接続を確立できませんでした。サーバー管理者にご連絡ください) in /Users/lxjjak5788/Local Sites/lwtguideline/app/public/wp-admin/includes/update.php on line 143
[13-Oct-2022 07:05:59 UTC] PHP Stack trace:
[13-Oct-2022 07:05:59 UTC] PHP   1. {main}() /Users/lxjjak5788/Local Sites/lwtguideline/app/public/wp-cron.php:0
[13-Oct-2022 07:05:59 UTC] PHP   2. do_action_ref_array() /Users/lxjjak5788/Local Sites/lwtguideline/app/public/wp-cron.php:138
[13-Oct-2022 07:05:59 UTC] PHP   3. WP_Hook->do_action() /Users/lxjjak5788/Local Sites/lwtguideline/app/public/wp-includes/plugin.php:524
[13-Oct-2022 07:05:59 UTC] PHP   4. WP_Hook->apply_filters() /Users/lxjjak5788/Local Sites/lwtguideline/app/public/wp-includes/class-wp-hook.php:331
[13-Oct-2022 07:05:59 UTC] PHP   5. WP_Site_Health->wp_cron_scheduled_check() /Users/lxjjak5788/Local Sites/lwtguideline/app/public/wp-includes/class-wp-hook.php:307
[13-Oct-2022 07:05:59 UTC] PHP   6. WP_Site_Health->perform_test() /Users/lxjjak5788/Local Sites/lwtguideline/app/public/wp-admin/includes/class-wp-site-health.php:2787
[13-Oct-2022 07:05:59 UTC] PHP   7. WP_Site_Health->get_test_background_updates() /Users/lxjjak5788/Local Sites/lwtguideline/app/public/wp-admin/includes/class-wp-site-health.php:192
[13-Oct-2022 07:05:59 UTC] PHP   8. WP_Site_Health_Auto_Updates->run_tests() /Users/lxjjak5788/Local Sites/lwtguideline/app/public/wp-admin/includes/class-wp-site-health.php:1812
[13-Oct-2022 07:05:59 UTC] PHP   9. WP_Site_Health_Auto_Updates->test_all_files_writable() /Users/lxjjak5788/Local Sites/lwtguideline/app/public/wp-admin/includes/class-wp-site-health-auto-updates.php:37
[13-Oct-2022 07:05:59 UTC] PHP  10. get_core_checksums() /Users/lxjjak5788/Local Sites/lwtguideline/app/public/wp-admin/includes/class-wp-site-health-auto-updates.php:332
[13-Oct-2022 07:05:59 UTC] PHP  11. trigger_error() /Users/lxjjak5788/Local Sites/lwtguideline/app/public/wp-admin/includes/update.php:143
[13-Oct-2022 07:06:24 UTC] PHP Warning:  予期しないエラーが発生しました。WordPress.org かこのサーバーの設定に何か問題があるかもしれません。問題が続くようであれば、<a href="https://ja.wordpress.org/support/forums/">サポートフォーラム</a>を参照してみてください。 (WordPress は WordPress.org との安全な接続を確立できませんでした。サーバー管理者にご連絡ください) in /Users/lxjjak5788/Local Sites/lwtguideline/app/public/wp-includes/update.php on line 172
[13-Oct-2022 07:06:24 UTC] PHP Stack trace:
[13-Oct-2022 07:06:24 UTC] PHP   1. {main}() /Users/lxjjak5788/Local Sites/lwtguideline/app/public/wp-cron.php:0
[13-Oct-2022 07:06:24 UTC] PHP   2. do_action_ref_array() /Users/lxjjak5788/Local Sites/lwtguideline/app/public/wp-cron.php:138
[13-Oct-2022 07:06:24 UTC] PHP   3. WP_Hook->do_action() /Users/lxjjak5788/Local Sites/lwtguideline/app/public/wp-includes/plugin.php:524
[13-Oct-2022 07:06:24 UTC] PHP   4. WP_Hook->apply_filters() /Users/lxjjak5788/Local Sites/lwtguideline/app/public/wp-includes/class-wp-hook.php:331
[13-Oct-2022 07:06:24 UTC] PHP   5. wp_version_check() /Users/lxjjak5788/Local Sites/lwtguideline/app/public/wp-includes/class-wp-hook.php:307
[13-Oct-2022 07:06:24 UTC] PHP   6. trigger_error() /Users/lxjjak5788/Local Sites/lwtguideline/app/public/wp-includes/update.php:172
[13-Oct-2022 07:06:44 UTC] PHP Warning:  予期しないエラーが発生しました。WordPress.org かこのサーバーの設定に何か問題があるかもしれません。問題が続くようであれば、<a href="https://ja.wordpress.org/support/forums/">サポートフォーラム</a>を参照してみてください。 (WordPress は WordPress.org との安全な接続を確立できませんでした。サーバー管理者にご連絡ください) in /Users/lxjjak5788/Local Sites/lwtguideline/app/public/wp-includes/update.php on line 410
[13-Oct-2022 07:06:44 UTC] PHP Stack trace:
[13-Oct-2022 07:06:44 UTC] PHP   1. {main}() /Users/lxjjak5788/Local Sites/lwtguideline/app/public/wp-cron.php:0
[13-Oct-2022 07:06:44 UTC] PHP   2. do_action_ref_array() /Users/lxjjak5788/Local Sites/lwtguideline/app/public/wp-cron.php:138
[13-Oct-2022 07:06:44 UTC] PHP   3. WP_Hook->do_action() /Users/lxjjak5788/Local Sites/lwtguideline/app/public/wp-includes/plugin.php:524
[13-Oct-2022 07:06:44 UTC] PHP   4. WP_Hook->apply_filters() /Users/lxjjak5788/Local Sites/lwtguideline/app/public/wp-includes/class-wp-hook.php:331
[13-Oct-2022 07:06:44 UTC] PHP   5. wp_update_plugins() /Users/lxjjak5788/Local Sites/lwtguideline/app/public/wp-includes/class-wp-hook.php:307
[13-Oct-2022 07:06:44 UTC] PHP   6. trigger_error() /Users/lxjjak5788/Local Sites/lwtguideline/app/public/wp-includes/update.php:410
[15-Oct-2022 04:31:15 UTC] PHP Warning:  call_user_func_array() expects parameter 1 to be a valid callback, class 'DjdSitePost' does not have a method 'deactivate' in /Users/lxjjak5788/Local Sites/lwtguideline/app/public/wp-includes/class-wp-hook.php on line 307
[15-Oct-2022 04:31:15 UTC] PHP Stack trace:
[15-Oct-2022 04:31:15 UTC] PHP   1. {main}() /Users/lxjjak5788/Local Sites/lwtguideline/app/public/wp-admin/plugins.php:0
[15-Oct-2022 04:31:15 UTC] PHP   2. deactivate_plugins() /Users/lxjjak5788/Local Sites/lwtguideline/app/public/wp-admin/plugins.php:209
[15-Oct-2022 04:31:15 UTC] PHP   3. do_action() /Users/lxjjak5788/Local Sites/lwtguideline/app/public/wp-admin/includes/plugin.php:814
[15-Oct-2022 04:31:15 UTC] PHP   4. WP_Hook->do_action() /Users/lxjjak5788/Local Sites/lwtguideline/app/public/wp-includes/plugin.php:476
[15-Oct-2022 04:31:15 UTC] PHP   5. WP_Hook->apply_filters() /Users/lxjjak5788/Local Sites/lwtguideline/app/public/wp-includes/class-wp-hook.php:331
[15-Oct-2022 06:27:08 UTC] PHP Fatal error:  Uncaught Error: Call to undefined function home_uri() in /Users/lxjjak5788/Local Sites/lwtguideline/app/public/wp-content/themes/lwtguideline/footer.php:3
Stack trace:
#0 /Users/lxjjak5788/Local Sites/lwtguideline/app/public/wp-includes/template.php(770): require_once()
#1 /Users/lxjjak5788/Local Sites/lwtguideline/app/public/wp-includes/template.php(716): load_template('/Users/lxjjak57...', true, Array)
#2 /Users/lxjjak5788/Local Sites/lwtguideline/app/public/wp-includes/general-template.php(92): locate_template(Array, true, true, Array)
#3 /Users/lxjjak5788/Local Sites/lwtguideline/app/public/wp-content/themes/lwtguideline/home.php(91): get_footer()
#4 /Users/lxjjak5788/Local Sites/lwtguideline/app/public/wp-includes/template-loader.php(106): include('/Users/lxjjak57...')
#5 /Users/lxjjak5788/Local Sites/lwtguideline/app/public/wp-blog-header.php(19): require_once('/Users/lxjjak57...')
#6 /Users/lxjjak5788/Local Sites/lwtguideline/app/public/index.php(17): require('/Users/lxjjak57...')
#7 {main}
  thrown in /Users/lxjjak5788/Local Sites/lwtguideline/app/public/wp-content/themes/lwtguideline/footer.php on line 3
[15-Oct-2022 06:27:43 UTC] PHP Fatal error:  Uncaught Error: Call to undefined function home_uri() in /Users/lxjjak5788/Local Sites/lwtguideline/app/public/wp-content/themes/lwtguideline/footer.php:5
Stack trace:
#0 /Users/lxjjak5788/Local Sites/lwtguideline/app/public/wp-includes/template.php(770): require_once()
#1 /Users/lxjjak5788/Local Sites/lwtguideline/app/public/wp-includes/template.php(716): load_template('/Users/lxjjak57...', true, Array)
#2 /Users/lxjjak5788/Local Sites/lwtguideline/app/public/wp-includes/general-template.php(92): locate_template(Array, true, true, Array)
#3 /Users/lxjjak5788/Local Sites/lwtguideline/app/public/wp-content/themes/lwtguideline/home.php(91): get_footer()
#4 /Users/lxjjak5788/Local Sites/lwtguideline/app/public/wp-includes/template-loader.php(106): include('/Users/lxjjak57...')
#5 /Users/lxjjak5788/Local Sites/lwtguideline/app/public/wp-blog-header.php(19): require_once('/Users/lxjjak57...')
#6 /Users/lxjjak5788/Local Sites/lwtguideline/app/public/index.php(17): require('/Users/lxjjak57...')
#7 {main}
  thrown in /Users/lxjjak5788/Local Sites/lwtguideline/app/public/wp-content/themes/lwtguideline/footer.php on line 5
[15-Oct-2022 06:28:05 UTC] PHP Fatal error:  Uncaught Error: Call to undefined function home_uri() in /Users/lxjjak5788/Local Sites/lwtguideline/app/public/wp-content/themes/lwtguideline/footer.php:5
Stack trace:
#0 /Users/lxjjak5788/Local Sites/lwtguideline/app/public/wp-includes/template.php(770): require_once()
#1 /Users/lxjjak5788/Local Sites/lwtguideline/app/public/wp-includes/template.php(716): load_template('/Users/lxjjak57...', true, Array)
#2 /Users/lxjjak5788/Local Sites/lwtguideline/app/public/wp-includes/general-template.php(92): locate_template(Array, true, true, Array)
#3 /Users/lxjjak5788/Local Sites/lwtguideline/app/public/wp-content/themes/lwtguideline/home.php(91): get_footer()
#4 /Users/lxjjak5788/Local Sites/lwtguideline/app/public/wp-includes/template-loader.php(106): include('/Users/lxjjak57...')
#5 /Users/lxjjak5788/Local Sites/lwtguideline/app/public/wp-blog-header.php(19): require_once('/Users/lxjjak57...')
#6 /Users/lxjjak5788/Local Sites/lwtguideline/app/public/index.php(17): require('/Users/lxjjak57...')
#7 {main}
  thrown in /Users/lxjjak5788/Local Sites/lwtguideline/app/public/wp-content/themes/lwtguideline/footer.php on line 5
[15-Oct-2022 06:28:49 UTC] PHP Fatal error:  Uncaught Error: Call to undefined function home_uri() in /Users/lxjjak5788/Local Sites/lwtguideline/app/public/wp-content/themes/lwtguideline/footer.php:5
Stack trace:
#0 /Users/lxjjak5788/Local Sites/lwtguideline/app/public/wp-includes/template.php(770): require_once()
#1 /Users/lxjjak5788/Local Sites/lwtguideline/app/public/wp-includes/template.php(716): load_template('/Users/lxjjak57...', true, Array)
#2 /Users/lxjjak5788/Local Sites/lwtguideline/app/public/wp-includes/general-template.php(92): locate_template(Array, true, true, Array)
#3 /Users/lxjjak5788/Local Sites/lwtguideline/app/public/wp-content/themes/lwtguideline/home.php(91): get_footer()
#4 /Users/lxjjak5788/Local Sites/lwtguideline/app/public/wp-includes/template-loader.php(106): include('/Users/lxjjak57...')
#5 /Users/lxjjak5788/Local Sites/lwtguideline/app/public/wp-blog-header.php(19): require_once('/Users/lxjjak57...')
#6 /Users/lxjjak5788/Local Sites/lwtguideline/app/public/index.php(17): require('/Users/lxjjak57...')
#7 {main}
  thrown in /Users/lxjjak5788/Local Sites/lwtguideline/app/public/wp-content/themes/lwtguideline/footer.php on line 5
