[20-Sep-2022 20:39:32] NOTICE: fpm is running, pid 976
[20-Sep-2022 20:39:32] NOTICE: ready to handle connections
[20-Sep-2022 22:13:00] NOTICE: Terminating ...
[20-Sep-2022 22:13:00] NOTICE: Terminating ...
[20-Sep-2022 22:13:00] NOTICE: exiting, bye-bye!
[21-Sep-2022 21:31:38] NOTICE: fpm is running, pid 1009
[21-Sep-2022 21:31:38] NOTICE: ready to handle connections
[21-Sep-2022 22:54:35] NOTICE: Terminating ...
[21-Sep-2022 22:54:35] NOTICE: Terminating ...
[21-Sep-2022 22:54:35] NOTICE: exiting, bye-bye!
[26-Sep-2022 14:45:31] NOTICE: fpm is running, pid 3704
[26-Sep-2022 14:45:31] NOTICE: ready to handle connections
[27-Sep-2022 09:35:54] NOTICE: Terminating ...
[27-Sep-2022 09:35:54] NOTICE: Terminating ...
[27-Sep-2022 09:35:54] NOTICE: exiting, bye-bye!
[28-Sep-2022 16:24:20] NOTICE: fpm is running, pid 3548
[28-Sep-2022 16:24:20] NOTICE: ready to handle connections
[28-Sep-2022 21:09:06] NOTICE: Terminating ...
[28-Sep-2022 21:09:06] NOTICE: Terminating ...
[28-Sep-2022 21:09:06] NOTICE: exiting, bye-bye!
[29-Sep-2022 17:22:36] NOTICE: fpm is running, pid 7362
[29-Sep-2022 17:22:36] NOTICE: ready to handle connections
[29-Sep-2022 19:45:51] NOTICE: Terminating ...
[29-Sep-2022 19:45:51] NOTICE: exiting, bye-bye!
[30-Sep-2022 12:35:57] NOTICE: fpm is running, pid 3428
[30-Sep-2022 12:35:57] NOTICE: ready to handle connections
[30-Sep-2022 19:43:29] NOTICE: Terminating ...
[30-Sep-2022 19:43:29] NOTICE: Terminating ...
[30-Sep-2022 19:43:29] NOTICE: exiting, bye-bye!
[01-Oct-2022 12:46:49] NOTICE: fpm is running, pid 3439
[01-Oct-2022 12:46:49] NOTICE: ready to handle connections
[01-Oct-2022 13:53:40] NOTICE: Terminating ...
[01-Oct-2022 13:53:40] NOTICE: Terminating ...
[01-Oct-2022 13:53:40] NOTICE: exiting, bye-bye!
[01-Oct-2022 14:35:34] NOTICE: fpm is running, pid 4359
[01-Oct-2022 14:35:34] NOTICE: ready to handle connections
[01-Oct-2022 19:40:25] NOTICE: Terminating ...
[01-Oct-2022 19:40:25] NOTICE: Terminating ...
[01-Oct-2022 19:40:25] NOTICE: exiting, bye-bye!
[03-Oct-2022 08:14:12] NOTICE: fpm is running, pid 1366
[03-Oct-2022 08:14:12] NOTICE: ready to handle connections
[03-Oct-2022 08:23:12] NOTICE: Terminating ...
[03-Oct-2022 08:23:12] NOTICE: Terminating ...
[03-Oct-2022 08:23:12] NOTICE: exiting, bye-bye!
[03-Oct-2022 14:30:35] NOTICE: fpm is running, pid 1835
[03-Oct-2022 14:30:35] NOTICE: ready to handle connections
[03-Oct-2022 16:01:31] NOTICE: Terminating ...
[03-Oct-2022 16:01:31] NOTICE: Terminating ...
[03-Oct-2022 16:01:31] NOTICE: exiting, bye-bye!
[04-Oct-2022 08:40:01] NOTICE: fpm is running, pid 1714
[04-Oct-2022 08:40:01] NOTICE: ready to handle connections
[04-Oct-2022 10:40:17] NOTICE: Terminating ...
[04-Oct-2022 10:40:17] NOTICE: Terminating ...
[04-Oct-2022 10:40:17] NOTICE: exiting, bye-bye!
[07-Oct-2022 09:45:49] NOTICE: fpm is running, pid 2017
[07-Oct-2022 09:45:49] NOTICE: ready to handle connections
[07-Oct-2022 14:06:08] NOTICE: Terminating ...
[07-Oct-2022 14:06:08] NOTICE: Terminating ...
[07-Oct-2022 14:06:08] NOTICE: exiting, bye-bye!
[07-Oct-2022 14:06:16] NOTICE: fpm is running, pid 3503
[07-Oct-2022 14:06:16] NOTICE: ready to handle connections
[07-Oct-2022 14:09:11] WARNING: [pool www] child 3520 said into stderr: "sh: gs: command not found"
[07-Oct-2022 14:14:38] NOTICE: Terminating ...
[07-Oct-2022 14:14:38] NOTICE: Terminating ...
[07-Oct-2022 14:14:38] NOTICE: exiting, bye-bye!
[07-Oct-2022 14:15:50] NOTICE: fpm is running, pid 3672
[07-Oct-2022 14:15:50] NOTICE: ready to handle connections
[07-Oct-2022 14:18:47] NOTICE: Terminating ...
[07-Oct-2022 14:18:47] NOTICE: Terminating ...
[07-Oct-2022 14:18:47] NOTICE: exiting, bye-bye!
[07-Oct-2022 14:30:17] NOTICE: fpm is running, pid 3832
[07-Oct-2022 14:30:17] NOTICE: ready to handle connections
[07-Oct-2022 16:45:35] NOTICE: Terminating ...
[07-Oct-2022 16:45:35] NOTICE: Terminating ...
[07-Oct-2022 16:45:35] NOTICE: exiting, bye-bye!
[09-Oct-2022 23:25:27] NOTICE: fpm is running, pid 1454
[09-Oct-2022 23:25:27] NOTICE: ready to handle connections
[10-Oct-2022 00:15:13] NOTICE: Terminating ...
[10-Oct-2022 00:15:13] NOTICE: Terminating ...
[10-Oct-2022 00:15:13] NOTICE: exiting, bye-bye!
[10-Oct-2022 10:15:52] NOTICE: fpm is running, pid 1122
[10-Oct-2022 10:15:52] NOTICE: ready to handle connections
[10-Oct-2022 11:29:10] NOTICE: Terminating ...
[10-Oct-2022 11:29:10] NOTICE: Terminating ...
[10-Oct-2022 11:29:10] NOTICE: exiting, bye-bye!
[11-Oct-2022 21:26:42] NOTICE: fpm is running, pid 1232
[11-Oct-2022 21:26:42] NOTICE: ready to handle connections
[12-Oct-2022 00:15:41] NOTICE: Terminating ...
[12-Oct-2022 00:15:41] NOTICE: Terminating ...
[12-Oct-2022 00:15:41] NOTICE: exiting, bye-bye!
[12-Oct-2022 12:06:28] NOTICE: fpm is running, pid 3582
[12-Oct-2022 12:06:28] NOTICE: ready to handle connections
[12-Oct-2022 21:38:22] NOTICE: Terminating ...
[12-Oct-2022 21:38:22] NOTICE: Terminating ...
[12-Oct-2022 21:38:22] NOTICE: exiting, bye-bye!
[13-Oct-2022 16:05:37] NOTICE: fpm is running, pid 2374
[13-Oct-2022 16:05:37] NOTICE: ready to handle connections
[13-Oct-2022 16:20:50] NOTICE: Terminating ...
[13-Oct-2022 16:20:50] NOTICE: Terminating ...
[13-Oct-2022 16:20:50] NOTICE: exiting, bye-bye!
[13-Oct-2022 17:01:43] NOTICE: fpm is running, pid 3128
[13-Oct-2022 17:01:43] NOTICE: ready to handle connections
[13-Oct-2022 17:27:28] NOTICE: Terminating ...
[13-Oct-2022 17:27:28] NOTICE: Terminating ...
[13-Oct-2022 17:27:28] NOTICE: exiting, bye-bye!
[14-Oct-2022 14:02:39] NOTICE: fpm is running, pid 11296
[14-Oct-2022 14:02:39] NOTICE: ready to handle connections
[14-Oct-2022 20:03:04] NOTICE: Terminating ...
[14-Oct-2022 20:03:04] NOTICE: Terminating ...
[14-Oct-2022 20:03:04] NOTICE: exiting, bye-bye!
[15-Oct-2022 12:08:05] NOTICE: fpm is running, pid 1544
[15-Oct-2022 12:08:05] NOTICE: ready to handle connections
